#
# There is insufficient memory for the Java Runtime Environment to continue.
# Native memory allocation (mmap) failed to map 174063616 bytes for committing reserved memory.
# Possible reasons:
#   The system is out of physical RAM or swap space
#   The process is running with CompressedOops enabled, and the Java Heap may be blocking the growth of the native heap
# Possible solutions:
#   Reduce memory load on the system
#   Increase physical memory or swap space
#   Check if swap backing store is full
#   Decrease Java heap size (-Xmx/-Xms)
#   Decrease number of Java threads
#   Decrease Java thread stack sizes (-Xss)
#   Set larger code cache with -XX:ReservedCodeCacheSize=
#   JVM is running with Unscaled Compressed Oops mode in which the Java heap is
#     placed in the first 4GB address space. The Java Heap base address is the
#     maximum limit for the native heap growth. Please use -XX:HeapBaseMinAddress
#     to set the Java Heap base and to place the Java Heap above 4GB virtual address.
# This output file may be truncated or incomplete.
#
#  Out of Memory Error (os_linux.cpp:2753), pid=16502, tid=0x00007f79ed5f5700
#
# JRE version: OpenJDK Runtime Environment (8.0_202) (build 1.8.0_202-release-1483-b49-5587405)
# Java VM: OpenJDK 64-Bit Server VM (25.202-b49-5587405 mixed mode linux-amd64 compressed oops)
# Failed to write core dump. Core dumps have been disabled. To enable core dumping, try "ulimit -c unlimited" before starting Java again
#

---------------  T H R E A D  ---------------

Current thread (0x00007f7a04079800):  VMThread [stack: 0x00007f79ed4f6000,0x00007f79ed5f6000] [id=16511]

Stack: [0x00007f79ed4f6000,0x00007f79ed5f6000],  sp=0x00007f79ed5f4510,  free space=1017k
Native frames: (J=compiled Java code, j=interpreted, Vv=VM code, C=native code)
V  [libjvm.so+0xa08b78]  VMError::report_and_die()+0x148
V  [libjvm.so+0x4d412a]  report_vm_out_of_memory(char const*, int, unsigned long, VMErrorType, char const*)+0x8a
V  [libjvm.so+0x870478]  os::pd_commit_memory(char*, unsigned long, unsigned long, bool)+0xd8
V  [libjvm.so+0x867f9f]  os::commit_memory(char*, unsigned long, unsigned long, bool)+0x1f
V  [libjvm.so+0x8e14eb]  PSVirtualSpace::expand_by(unsigned long)+0x5b
V  [libjvm.so+0x8e2140]  PSYoungGen::resize_generation(unsigned long, unsigned long)+0xb0
V  [libjvm.so+0x8e245b]  PSYoungGen::resize(unsigned long, unsigned long)+0x1b
V  [libjvm.so+0x8deb8e]  PSScavenge::invoke_no_policy()+0xdce
V  [libjvm.so+0x8df348]  PSScavenge::invoke()+0x38
V  [libjvm.so+0x893763]  ParallelScavengeHeap::failed_mem_allocate(unsigned long)+0x63
V  [libjvm.so+0xa0a644]  VM_ParallelGCFailedAllocation::doit()+0x84
V  [libjvm.so+0xa0ea17]  VM_Operation::evaluate()+0x47
V  [libjvm.so+0xa0d498]  VMThread::evaluate_operation(VM_Operation*)+0x218
V  [libjvm.so+0xa0d8d1]  VMThread::loop()+0x1f1
V  [libjvm.so+0xa0dd02]  VMThread::run()+0x72
V  [libjvm.so+0x86d652]  java_start(Thread*)+0xf2

VM_Operation (0x00007f79ec119d90): ParallelGCFailedAllocation, mode: safepoint, requested by thread 0x00007f7a04162000


---------------  P R O C E S S  ---------------

Java Threads: ( => current thread )
  0x00007f7a04165800 JavaThread "pool-1-thread-4" [_thread_blocked, id=16524, stack(0x00007f79e7dfe000,0x00007f79e7eff000)]
  0x00007f7a04163800 JavaThread "pool-1-thread-3" [_thread_blocked, id=16523, stack(0x00007f79e7eff000,0x00007f79e8000000)]
  0x00007f7a04162000 JavaThread "pool-1-thread-2" [_thread_blocked, id=16522, stack(0x00007f79ec01b000,0x00007f79ec11c000)]
  0x00007f7a04160000 JavaThread "pool-2-thread-1" [_thread_blocked, id=16521, stack(0x00007f79ec11c000,0x00007f79ec21d000)]
  0x00007f7a0415e800 JavaThread "pool-1-thread-1" [_thread_blocked, id=16520, stack(0x00007f79ec21d000,0x00007f79ec31e000)]
  0x00007f7a040ca000 JavaThread "Service Thread" daemon [_thread_blocked, id=16518, stack(0x00007f79ec41f000,0x00007f79ec520000)]
  0x00007f7a040be800 JavaThread "C1 CompilerThread2" daemon [_thread_blocked, id=16517, stack(0x00007f79ec521000,0x00007f79ec621000)]
  0x00007f7a040bd000 JavaThread "C2 CompilerThread1" daemon [_thread_blocked, id=16516, stack(0x00007f79ec622000,0x00007f79ec722000)]
  0x00007f7a040ba000 JavaThread "C2 CompilerThread0" daemon [_thread_blocked, id=16515, stack(0x00007f79ec723000,0x00007f79ec823000)]
  0x00007f7a040b8800 JavaThread "Signal Dispatcher" daemon [_thread_blocked, id=16514, stack(0x00007f79ec823000,0x00007f79ec924000)]
  0x00007f7a04085800 JavaThread "Finalizer" daemon [_thread_blocked, id=16513, stack(0x00007f79ed2f3000,0x00007f79ed3f4000)]
  0x00007f7a04083000 JavaThread "Reference Handler" daemon [_thread_blocked, id=16512, stack(0x00007f79ed3f4000,0x00007f79ed4f5000)]
  0x00007f7a0400b800 JavaThread "main" [_thread_blocked, id=16506, stack(0x00007f7a0b1d6000,0x00007f7a0b2d6000)]

Other Threads:
=>0x00007f7a04079800 VMThread [stack: 0x00007f79ed4f6000,0x00007f79ed5f6000] [id=16511]
  0x00007f7a040cc800 WatcherThread [stack: 0x00007f79ec31f000,0x00007f79ec41f000] [id=16519]

VM state:at safepoint (normal execution)

VM Mutex/Monitor currently owned by a thread:  ([mutex/lock_event])
[0x00007f7a04008130] Threads_lock - owner thread: 0x00007f7a04079800
[0x00007f7a04008630] Heap_lock - owner thread: 0x00007f7a04162000

heap address: 0x00000000c0000000, size: 1024 MB, Compressed Oops mode: 32-bit
Narrow klass base: 0x0000000000000000, Narrow klass shift: 3
Compressed class space size: 1073741824 Address: 0x0000000100000000

Heap:
 PSYoungGen      total 132096K, used 5109K [0x00000000eab00000, 0x00000000f3100000, 0x0000000100000000)
  eden space 126976K, 0% used [0x00000000eab00000,0x00000000eab00000,0x00000000f2700000)
  from space 5120K, 99% used [0x00000000f2700000,0x00000000f2bfd5a8,0x00000000f2c00000)
  to   space 5120K, 0% used [0x00000000f2c00000,0x00000000f2c00000,0x00000000f3100000)
 ParOldGen       total 84992K, used 48724K [0x00000000c0000000, 0x00000000c5300000, 0x00000000eab00000)
  object space 84992K, 57% used [0x00000000c0000000,0x00000000c2f951b8,0x00000000c5300000)
 Metaspace       used 6137K, capacity 7216K, committed 7296K, reserved 1056768K
  class space    used 556K, capacity 616K, committed 640K, reserved 1048576K

Card table byte_map: [0x00007f7a087e9000,0x00007f7a089ea000] byte_map_base: 0x00007f7a081e9000

Marking Bits: (ParMarkBitMap*) 0x00007f7a0a89d920
 Begin Bits: [0x00007f79ee000000, 0x00007f79ef000000)
 End Bits:   [0x00007f79ef000000, 0x00007f79f0000000)

Polling page: 0x00007f7a0b2f7000

CodeCache: size=245760Kb used=8146Kb max_used=8175Kb free=237613Kb
 bounds [0x00007f79f5000000, 0x00007f79f5810000, 0x00007f7a04000000]
 total_blobs=2280 nmethods=2019 adapters=175
 compilation: enabled

Compilation events (10 events):
Event: 7.374 Thread 0x00007f7a040be800 2073       3       com.android.dx.rop.code.DexTranslationAdvice::totalRopWidth (36 bytes)
Event: 7.375 Thread 0x00007f7a040be800 nmethod 2073 0x00007f79f57d4350 code [0x00007f79f57d4520, 0x00007f79f57d4d08]
Event: 7.375 Thread 0x00007f7a040be800 2071       3       java.lang.String::lastIndexOf (151 bytes)
Event: 7.375 Thread 0x00007f7a040be800 nmethod 2071 0x00007f79f57ec890 code [0x00007f79f57eca40, 0x00007f79f57ecf90]
Event: 7.385 Thread 0x00007f7a040be800 2074       2       com.android.dx.rop.code.Rops::opPutStatic (97 bytes)
Event: 7.386 Thread 0x00007f7a040be800 nmethod 2074 0x00007f79f57ebe10 code [0x00007f79f57ec000, 0x00007f79f57ec578]
Event: 7.396 Thread 0x00007f7a040ba000 nmethod 2069 0x00007f79f57f0f90 code [0x00007f79f57f11e0, 0x00007f79f57f2148]
Event: 7.396 Thread 0x00007f7a040ba000 2072   !   4       com.android.dx.cf.code.Ropper::processBlock (1101 bytes)
Event: 7.455 Thread 0x00007f7a040bd000 nmethod 2010 0x00007f79f57f9c10 code [0x00007f79f57fa240, 0x00007f79f57fea70]
Event: 7.455 Thread 0x00007f7a040bd000 1249 %     4       com.android.dx.ssa.SsaMethod::forEachBlockDepthFirst @ 62 (194 bytes)

GC Heap History (9 events):
Event: 0.651 GC heap before
{Heap before GC invocations=1 (full 0):
 PSYoungGen      total 36864K, used 31744K [0x00000000eab00000, 0x00000000ed400000, 0x0000000100000000)
  eden space 31744K, 100% used [0x00000000eab00000,0x00000000eca00000,0x00000000eca00000)
  from space 5120K, 0% used [0x00000000ecf00000,0x00000000ecf00000,0x00000000ed400000)
  to   space 5120K, 0% used [0x00000000eca00000,0x00000000eca00000,0x00000000ecf00000)
 ParOldGen       total 84992K, used 0K [0x00000000c0000000, 0x00000000c5300000, 0x00000000eab00000)
  object space 84992K, 0% used [0x00000000c0000000,0x00000000c0000000,0x00000000c5300000)
 Metaspace       used 5521K, capacity 6768K, committed 7040K, reserved 1056768K
  class space    used 553K, capacity 616K, committed 640K, reserved 1048576K
Event: 0.660 GC heap after
Heap after GC invocations=1 (full 0):
 PSYoungGen      total 36864K, used 5107K [0x00000000eab00000, 0x00000000ef300000, 0x0000000100000000)
  eden space 31744K, 0% used [0x00000000eab00000,0x00000000eab00000,0x00000000eca00000)
  from space 5120K, 99% used [0x00000000eca00000,0x00000000ecefcf78,0x00000000ecf00000)
  to   space 5120K, 0% used [0x00000000eee00000,0x00000000eee00000,0x00000000ef300000)
 ParOldGen       total 84992K, used 2263K [0x00000000c0000000, 0x00000000c5300000, 0x00000000eab00000)
  object space 84992K, 2% used [0x00000000c0000000,0x00000000c0235fe0,0x00000000c5300000)
 Metaspace       used 5521K, capacity 6768K, committed 7040K, reserved 1056768K
  class space    used 553K, capacity 616K, committed 640K, reserved 1048576K
}
Event: 0.860 GC heap before
{Heap before GC invocations=2 (full 0):
 PSYoungGen      total 36864K, used 36851K [0x00000000eab00000, 0x00000000ef300000, 0x0000000100000000)
  eden space 31744K, 100% used [0x00000000eab00000,0x00000000eca00000,0x00000000eca00000)
  from space 5120K, 99% used [0x00000000eca00000,0x00000000ecefcf78,0x00000000ecf00000)
  to   space 5120K, 0% used [0x00000000eee00000,0x00000000eee00000,0x00000000ef300000)
 ParOldGen       total 84992K, used 2263K [0x00000000c0000000, 0x00000000c5300000, 0x00000000eab00000)
  object space 84992K, 2% used [0x00000000c0000000,0x00000000c0235fe0,0x00000000c5300000)
 Metaspace       used 5673K, capacity 6896K, committed 7040K, reserved 1056768K
  class space    used 555K, capacity 616K, committed 640K, reserved 1048576K
Event: 0.871 GC heap after
Heap after GC invocations=2 (full 0):
 PSYoungGen      total 68608K, used 5107K [0x00000000eab00000, 0x00000000ef300000, 0x0000000100000000)
  eden space 63488K, 0% used [0x00000000eab00000,0x00000000eab00000,0x00000000ee900000)
  from space 5120K, 99% used [0x00000000eee00000,0x00000000ef2fcf88,0x00000000ef300000)
  to   space 5120K, 0% used [0x00000000ee900000,0x00000000ee900000,0x00000000eee00000)
 ParOldGen       total 84992K, used 7504K [0x00000000c0000000, 0x00000000c5300000, 0x00000000eab00000)
  object space 84992K, 8% used [0x00000000c0000000,0x00000000c0754378,0x00000000c5300000)
 Metaspace       used 5673K, capacity 6896K, committed 7040K, reserved 1056768K
  class space    used 555K, capacity 616K, committed 640K, reserved 1048576K
}
Event: 1.114 GC heap before
{Heap before GC invocations=3 (full 0):
 PSYoungGen      total 68608K, used 68595K [0x00000000eab00000, 0x00000000ef300000, 0x0000000100000000)
  eden space 63488K, 100% used [0x00000000eab00000,0x00000000ee900000,0x00000000ee900000)
  from space 5120K, 99% used [0x00000000eee00000,0x00000000ef2fcf88,0x00000000ef300000)
  to   space 5120K, 0% used [0x00000000ee900000,0x00000000ee900000,0x00000000eee00000)
 ParOldGen       total 84992K, used 7504K [0x00000000c0000000, 0x00000000c5300000, 0x00000000eab00000)
  object space 84992K, 8% used [0x00000000c0000000,0x00000000c0754378,0x00000000c5300000)
 Metaspace       used 5873K, capacity 7088K, committed 7296K, reserved 1056768K
  class space    used 556K, capacity 616K, committed 640K, reserved 1048576K
Event: 1.149 GC heap after
Heap after GC invocations=3 (full 0):
 PSYoungGen      total 68608K, used 5116K [0x00000000eab00000, 0x00000000f3100000, 0x0000000100000000)
  eden space 63488K, 0% used [0x00000000eab00000,0x00000000eab00000,0x00000000ee900000)
  from space 5120K, 99% used [0x00000000ee900000,0x00000000eedff210,0x00000000eee00000)
  to   space 5120K, 0% used [0x00000000f2c00000,0x00000000f2c00000,0x00000000f3100000)
 ParOldGen       total 84992K, used 19548K [0x00000000c0000000, 0x00000000c5300000, 0x00000000eab00000)
  object space 84992K, 23% used [0x00000000c0000000,0x00000000c13173a0,0x00000000c5300000)
 Metaspace       used 5873K, capacity 7088K, committed 7296K, reserved 1056768K
  class space    used 556K, capacity 616K, committed 640K, reserved 1048576K
}
Event: 1.369 GC heap before
{Heap before GC invocations=4 (full 0):
 PSYoungGen      total 68608K, used 68604K [0x00000000eab00000, 0x00000000f3100000, 0x0000000100000000)
  eden space 63488K, 100% used [0x00000000eab00000,0x00000000ee900000,0x00000000ee900000)
  from space 5120K, 99% used [0x00000000ee900000,0x00000000eedff210,0x00000000eee00000)
  to   space 5120K, 0% used [0x00000000f2c00000,0x00000000f2c00000,0x00000000f3100000)
 ParOldGen       total 84992K, used 19548K [0x00000000c0000000, 0x00000000c5300000, 0x00000000eab00000)
  object space 84992K, 23% used [0x00000000c0000000,0x00000000c13173a0,0x00000000c5300000)
 Metaspace       used 5874K, capacity 7088K, committed 7296K, reserved 1056768K
  class space    used 556K, capacity 616K, committed 640K, reserved 1048576K
Event: 1.388 GC heap after
Heap after GC invocations=4 (full 0):
 PSYoungGen      total 132096K, used 5091K [0x00000000eab00000, 0x00000000f3100000, 0x0000000100000000)
  eden space 126976K, 0% used [0x00000000eab00000,0x00000000eab00000,0x00000000f2700000)
  from space 5120K, 99% used [0x00000000f2c00000,0x00000000f30f8f70,0x00000000f3100000)
  to   space 5120K, 0% used [0x00000000f2700000,0x00000000f2700000,0x00000000f2c00000)
 ParOldGen       total 84992K, used 28794K [0x00000000c0000000, 0x00000000c5300000, 0x00000000eab00000)
  object space 84992K, 33% used [0x00000000c0000000,0x00000000c1c1eb48,0x00000000c5300000)
 Metaspace       used 5874K, capacity 7088K, committed 7296K, reserved 1056768K
  class space    used 556K, capacity 616K, committed 640K, reserved 1048576K
}
Event: 7.544 GC heap before
{Heap before GC invocations=5 (full 0):
 PSYoungGen      total 132096K, used 132067K [0x00000000eab00000, 0x00000000f3100000, 0x0000000100000000)
  eden space 126976K, 100% used [0x00000000eab00000,0x00000000f2700000,0x00000000f2700000)
  from space 5120K, 99% used [0x00000000f2c00000,0x00000000f30f8f70,0x00000000f3100000)
  to   space 5120K, 0% used [0x00000000f2700000,0x00000000f2700000,0x00000000f2c00000)
 ParOldGen       total 84992K, used 28794K [0x00000000c0000000, 0x00000000c5300000, 0x00000000eab00000)
  object space 84992K, 33% used [0x00000000c0000000,0x00000000c1c1eb48,0x00000000c5300000)
 Metaspace       used 6137K, capacity 7216K, committed 7296K, reserved 1056768K
  class space    used 556K, capacity 616K, committed 640K, reserved 1048576K

Deoptimization events (10 events):
Event: 1.321 Thread 0x00007f7a04163800 Uncommon trap: reason=null_check action=make_not_entrant pc=0x00007f79f5584698 method=com.android.dx.ssa.SsaRenamer.getLocalForNewReg(I)Lcom/android/dx/rop/code/LocalItem; @ 19
Event: 1.797 Thread 0x00007f7a0400b800 Uncommon trap: reason=unloaded action=reinterpret pc=0x00007f79f5697304 method=com.android.dx.cf.cst.ConstantPoolParser.parse0(ILjava/util/BitSet;)Lcom/android/dx/rop/cst/Constant; @ 176
Event: 6.986 Thread 0x00007f7a0415e800 Uncommon trap: reason=class_check action=maybe_recompile pc=0x00007f79f570e208 method=com.android.dx.ssa.SsaMethod.isRegALocal(Lcom/android/dx/rop/code/RegisterSpec;)Z @ 16
Event: 6.986 Thread 0x00007f7a0415e800 Uncommon trap: reason=class_check action=maybe_recompile pc=0x00007f79f570e208 method=com.android.dx.ssa.SsaMethod.isRegALocal(Lcom/android/dx/rop/code/RegisterSpec;)Z @ 16
Event: 6.986 Thread 0x00007f7a0415e800 Uncommon trap: reason=class_check action=maybe_recompile pc=0x00007f79f570e208 method=com.android.dx.ssa.SsaMethod.isRegALocal(Lcom/android/dx/rop/code/RegisterSpec;)Z @ 16
Event: 7.099 Thread 0x00007f7a04162000 Uncommon trap: reason=class_check action=maybe_recompile pc=0x00007f79f5737918 method=com.android.dx.rop.code.RegisterSpec.withSimpleType()Lcom/android/dx/rop/code/RegisterSpec; @ 21
Event: 7.148 Thread 0x00007f7a04165800 Uncommon trap: reason=class_check action=maybe_recompile pc=0x00007f79f570e208 method=com.android.dx.ssa.SsaMethod.isRegALocal(Lcom/android/dx/rop/code/RegisterSpec;)Z @ 16
Event: 7.219 Thread 0x00007f7a04162000 Uncommon trap: reason=class_check action=maybe_recompile pc=0x00007f79f5299738 method=java.util.HashMap.putVal(ILjava/lang/Object;Ljava/lang/Object;ZZ)Ljava/lang/Object; @ 203
Event: 7.299 Thread 0x00007f7a04162000 Uncommon trap: reason=class_check action=maybe_recompile pc=0x00007f79f5737918 method=com.android.dx.rop.code.RegisterSpec.withSimpleType()Lcom/android/dx/rop/code/RegisterSpec; @ 21
Event: 7.299 Thread 0x00007f7a04162000 Uncommon trap: reason=class_check action=maybe_recompile pc=0x00007f79f5737918 method=com.android.dx.rop.code.RegisterSpec.withSimpleType()Lcom/android/dx/rop/code/RegisterSpec; @ 21

Classes redefined (0 events):
No events

Internal exceptions (3 events):
Event: 0.118 Thread 0x00007f7a0400b800 Exception <a 'java/lang/NoSuchMethodError': Method sun.misc.Unsafe.defineClass(Ljava/lang/String;[BII)Ljava/lang/Class; name or signature does not match> (0x00000000eab07cb0) thrown at [/usr/local/google/buildbot/src/googleplex-android/openjdk/out/hotspot
Event: 0.118 Thread 0x00007f7a0400b800 Exception <a 'java/lang/NoSuchMethodError': Method sun.misc.Unsafe.prefetchRead(Ljava/lang/Object;J)V name or signature does not match> (0x00000000eab07f98) thrown at [/usr/local/google/buildbot/src/googleplex-android/openjdk/out/hotspot/src/share/vm/prim
Event: 1.321 Thread 0x00007f7a04163800 Implicit null exception at 0x00007f79f5581d69 to 0x00007f79f5584675

Events (10 events):
Event: 7.329 Thread 0x00007f7a04163800 DEOPT UNPACKING pc=0x00007f79f50474c4 sp=0x00007f79e7ffdcf8 mode 0
Event: 7.360 Thread 0x00007f7a04162000 DEOPT PACKING pc=0x00007f79f534b92b sp=0x00007f79ec11a140
Event: 7.360 Thread 0x00007f7a04162000 DEOPT UNPACKING pc=0x00007f79f50474c4 sp=0x00007f79ec119e80 mode 0
Event: 7.367 Thread 0x00007f7a0400b800 DEOPT PACKING pc=0x00007f79f563a49f sp=0x00007f7a0b2d3bb0
Event: 7.367 Thread 0x00007f7a0400b800 DEOPT UNPACKING pc=0x00007f79f50474c4 sp=0x00007f7a0b2d3898 mode 0
Event: 7.372 Thread 0x00007f7a0415e800 DEOPT PACKING pc=0x00007f79f533373a sp=0x00007f79ec31bf10
Event: 7.372 Thread 0x00007f7a0415e800 DEOPT UNPACKING pc=0x00007f79f50474c4 sp=0x00007f79ec31bc78 mode 0
Event: 7.381 Thread 0x00007f7a04162000 DEOPT PACKING pc=0x00007f79f538256c sp=0x00007f79ec11a1b0
Event: 7.381 Thread 0x00007f7a04162000 DEOPT UNPACKING pc=0x00007f79f50474c4 sp=0x00007f79ec119eb0 mode 0
Event: 7.481 Executing VM operation: ParallelGCFailedAllocation


Dynamic libraries:
00400000-00401000 r-xp 00000000 07:01 658                                /snap/android-studio/81/android-studio/jre/bin/java
00401000-00402000 rw-p 00000000 07:01 658                                /snap/android-studio/81/android-studio/jre/bin/java
00a20000-00a41000 rw-p 00000000 00:00 0                                  [heap]
c0000000-c5300000 rw-p 00000000 00:00 0 
c5300000-eab00000 ---p 00000000 00:00 0 
eab00000-f3100000 rw-p 00000000 00:00 0 
fd700000-100000000 ---p 00000000 00:00 0 
100000000-1000a0000 rw-p 00000000 00:00 0 
1000a0000-140000000 ---p 00000000 00:00 0 
7f79a0000000-7f79a0026000 rw-p 00000000 00:00 0 
7f79a0026000-7f79a4000000 ---p 00000000 00:00 0 
7f79a8000000-7f79a8037000 rw-p 00000000 00:00 0 
7f79a8037000-7f79ac000000 ---p 00000000 00:00 0 
7f79ac000000-7f79ac02a000 rw-p 00000000 00:00 0 
7f79ac02a000-7f79b0000000 ---p 00000000 00:00 0 
7f79b0000000-7f79b0029000 rw-p 00000000 00:00 0 
7f79b0029000-7f79b4000000 ---p 00000000 00:00 0 
7f79b4000000-7f79b4021000 rw-p 00000000 00:00 0 
7f79b4021000-7f79b8000000 ---p 00000000 00:00 0 
7f79b8000000-7f79b8021000 rw-p 00000000 00:00 0 
7f79b8021000-7f79bc000000 ---p 00000000 00:00 0 
7f79bc000000-7f79bc021000 rw-p 00000000 00:00 0 
7f79bc021000-7f79c0000000 ---p 00000000 00:00 0 
7f79c0000000-7f79c10f1000 rw-p 00000000 00:00 0 
7f79c10f1000-7f79c4000000 ---p 00000000 00:00 0 
7f79c4000000-7f79c4f09000 rw-p 00000000 00:00 0 
7f79c4f09000-7f79c8000000 ---p 00000000 00:00 0 
7f79c8000000-7f79c8021000 rw-p 00000000 00:00 0 
7f79c8021000-7f79cc000000 ---p 00000000 00:00 0 
7f79cc000000-7f79cd1a0000 rw-p 00000000 00:00 0 
7f79cd1a0000-7f79d0000000 ---p 00000000 00:00 0 
7f79d0000000-7f79d0021000 rw-p 00000000 00:00 0 
7f79d0021000-7f79d4000000 ---p 00000000 00:00 0 
7f79d4000000-7f79d4021000 rw-p 00000000 00:00 0 
7f79d4021000-7f79d8000000 ---p 00000000 00:00 0 
7f79d8000000-7f79d8021000 rw-p 00000000 00:00 0 
7f79d8021000-7f79dc000000 ---p 00000000 00:00 0 
7f79dc000000-7f79dc2c2000 rw-p 00000000 00:00 0 
7f79dc2c2000-7f79e0000000 ---p 00000000 00:00 0 
7f79e0000000-7f79e0021000 rw-p 00000000 00:00 0 
7f79e0021000-7f79e4000000 ---p 00000000 00:00 0 
7f79e7dfe000-7f79e7e01000 ---p 00000000 00:00 0 
7f79e7e01000-7f79e7eff000 rw-p 00000000 00:00 0 
7f79e7eff000-7f79e7f02000 ---p 00000000 00:00 0 
7f79e7f02000-7f79e8000000 rw-p 00000000 00:00 0 
7f79e8000000-7f79e8021000 rw-p 00000000 00:00 0 
7f79e8021000-7f79ec000000 ---p 00000000 00:00 0 
7f79ec01b000-7f79ec01e000 ---p 00000000 00:00 0 
7f79ec01e000-7f79ec11c000 rw-p 00000000 00:00 0 
7f79ec11c000-7f79ec11f000 ---p 00000000 00:00 0 
7f79ec11f000-7f79ec21d000 rw-p 00000000 00:00 0 
7f79ec21d000-7f79ec220000 ---p 00000000 00:00 0 
7f79ec220000-7f79ec31e000 rw-p 00000000 00:00 0 
7f79ec31e000-7f79ec31f000 ---p 00000000 00:00 0 
7f79ec31f000-7f79ec41f000 rw-p 00000000 00:00 0 
7f79ec41f000-7f79ec422000 ---p 00000000 00:00 0 
7f79ec422000-7f79ec520000 rw-p 00000000 00:00 0 
7f79ec520000-7f79ec521000 ---p 00000000 00:00 0 
7f79ec521000-7f79ec524000 ---p 00000000 00:00 0 
7f79ec524000-7f79ec621000 rw-p 00000000 00:00 0 
7f79ec621000-7f79ec622000 ---p 00000000 00:00 0 
7f79ec622000-7f79ec625000 ---p 00000000 00:00 0 
7f79ec625000-7f79ec722000 rw-p 00000000 00:00 0 
7f79ec722000-7f79ec723000 ---p 00000000 00:00 0 
7f79ec723000-7f79ec726000 ---p 00000000 00:00 0 
7f79ec726000-7f79ec823000 rw-p 00000000 00:00 0 
7f79ec823000-7f79ec826000 ---p 00000000 00:00 0 
7f79ec826000-7f79ec924000 rw-p 00000000 00:00 0 
7f79ec924000-7f79ed2f3000 r--p 00000000 08:01 924339                     /usr/lib/locale/locale-archive
7f79ed2f3000-7f79ed2f6000 ---p 00000000 00:00 0 
7f79ed2f6000-7f79ed3f4000 rw-p 00000000 00:00 0 
7f79ed3f4000-7f79ed3f7000 ---p 00000000 00:00 0 
7f79ed3f7000-7f79ed4f5000 rw-p 00000000 00:00 0 
7f79ed4f5000-7f79ed4f6000 ---p 00000000 00:00 0 
7f79ed4f6000-7f79f0000000 rw-p 00000000 00:00 0 
7f79f0000000-7f79f0021000 rw-p 00000000 00:00 0 
7f79f0021000-7f79f4000000 ---p 00000000 00:00 0 
7f79f4023000-7f79f45b8000 rw-p 00000000 00:00 0 
7f79f45b8000-7f79f478a000 r--s 03cad000 07:01 831                        /snap/android-studio/81/android-studio/jre/jre/lib/rt.jar
7f79f478a000-7f79f4e80000 rw-p 00000000 00:00 0 
7f79f4e80000-7f79f5000000 ---p 00000000 00:00 0 
7f79f5000000-7f79f5810000 rwxp 00000000 00:00 0 
7f79f5810000-7f7a04000000 ---p 00000000 00:00 0 
7f7a04000000-7f7a04401000 rw-p 00000000 00:00 0 
7f7a04401000-7f7a08000000 ---p 00000000 00:00 0 
7f7a08005000-7f7a08013000 r--s 000e0000 08:01 1590207                    /home/mspl/Android/Sdk/build-tools/25.0.2/lib/dx.jar
7f7a08013000-7f7a0828f000 rw-p 00000000 00:00 0 
7f7a0828f000-7f7a08290000 ---p 00000000 00:00 0 
7f7a08290000-7f7a08390000 rw-p 00000000 00:00 0 
7f7a08390000-7f7a08391000 ---p 00000000 00:00 0 
7f7a08391000-7f7a08491000 rw-p 00000000 00:00 0 
7f7a08491000-7f7a08492000 ---p 00000000 00:00 0 
7f7a08492000-7f7a08592000 rw-p 00000000 00:00 0 
7f7a08592000-7f7a08593000 ---p 00000000 00:00 0 
7f7a08593000-7f7a086bd000 rw-p 00000000 00:00 0 
7f7a086bd000-7f7a087e9000 ---p 00000000 00:00 0 
7f7a087e9000-7f7a08813000 rw-p 00000000 00:00 0 
7f7a08813000-7f7a0893e000 ---p 00000000 00:00 0 
7f7a0893e000-7f7a08982000 rw-p 00000000 00:00 0 
7f7a08982000-7f7a089e9000 ---p 00000000 00:00 0 
7f7a089e9000-7f7a08a0b000 rw-p 00000000 00:00 0 
7f7a08a0b000-7f7a08daa000 ---p 00000000 00:00 0 
7f7a08daa000-7f7a08db5000 r-xp 00000000 08:01 3150965                    /lib/x86_64-linux-gnu/libnss_files-2.27.so
7f7a08db5000-7f7a08fb4000 ---p 0000b000 08:01 3150965                    /lib/x86_64-linux-gnu/libnss_files-2.27.so
7f7a08fb4000-7f7a08fb5000 r--p 0000a000 08:01 3150965                    /lib/x86_64-linux-gnu/libnss_files-2.27.so
7f7a08fb5000-7f7a08fb6000 rw-p 0000b000 08:01 3150965                    /lib/x86_64-linux-gnu/libnss_files-2.27.so
7f7a08fb6000-7f7a08fbc000 rw-p 00000000 00:00 0 
7f7a08fbc000-7f7a08fd3000 r-xp 00000000 08:01 3150959                    /lib/x86_64-linux-gnu/libnsl-2.27.so
7f7a08fd3000-7f7a091d2000 ---p 00017000 08:01 3150959                    /lib/x86_64-linux-gnu/libnsl-2.27.so
7f7a091d2000-7f7a091d3000 r--p 00016000 08:01 3150959                    /lib/x86_64-linux-gnu/libnsl-2.27.so
7f7a091d3000-7f7a091d4000 rw-p 00017000 08:01 3150959                    /lib/x86_64-linux-gnu/libnsl-2.27.so
7f7a091d4000-7f7a091d6000 rw-p 00000000 00:00 0 
7f7a091d6000-7f7a091e1000 r-xp 00000000 08:01 3150976                    /lib/x86_64-linux-gnu/libnss_nis-2.27.so
7f7a091e1000-7f7a093e0000 ---p 0000b000 08:01 3150976                    /lib/x86_64-linux-gnu/libnss_nis-2.27.so
7f7a093e0000-7f7a093e1000 r--p 0000a000 08:01 3150976                    /lib/x86_64-linux-gnu/libnss_nis-2.27.so
7f7a093e1000-7f7a093e2000 rw-p 0000b000 08:01 3150976                    /lib/x86_64-linux-gnu/libnss_nis-2.27.so
7f7a093e2000-7f7a093ea000 r-xp 00000000 08:01 3150961                    /lib/x86_64-linux-gnu/libnss_compat-2.27.so
7f7a093ea000-7f7a095ea000 ---p 00008000 08:01 3150961                    /lib/x86_64-linux-gnu/libnss_compat-2.27.so
7f7a095ea000-7f7a095eb000 r--p 00008000 08:01 3150961                    /lib/x86_64-linux-gnu/libnss_compat-2.27.so
7f7a095eb000-7f7a095ec000 rw-p 00009000 08:01 3150961                    /lib/x86_64-linux-gnu/libnss_compat-2.27.so
7f7a095ec000-7f7a095f3000 r-xp 00000000 08:01 3151016                    /lib/x86_64-linux-gnu/librt-2.27.so
7f7a095f3000-7f7a097f2000 ---p 00007000 08:01 3151016                    /lib/x86_64-linux-gnu/librt-2.27.so
7f7a097f2000-7f7a097f3000 r--p 00006000 08:01 3151016                    /lib/x86_64-linux-gnu/librt-2.27.so
7f7a097f3000-7f7a097f4000 rw-p 00007000 08:01 3151016                    /lib/x86_64-linux-gnu/librt-2.27.so
7f7a097f4000-7f7a09991000 r-xp 00000000 08:01 3150938                    /lib/x86_64-linux-gnu/libm-2.27.so
7f7a09991000-7f7a09b90000 ---p 0019d000 08:01 3150938                    /lib/x86_64-linux-gnu/libm-2.27.so
7f7a09b90000-7f7a09b91000 r--p 0019c000 08:01 3150938                    /lib/x86_64-linux-gnu/libm-2.27.so
7f7a09b91000-7f7a09b92000 rw-p 0019d000 08:01 3150938                    /lib/x86_64-linux-gnu/libm-2.27.so
7f7a09b92000-7f7a0a7b8000 r-xp 00000000 07:01 764                        /snap/android-studio/81/android-studio/jre/jre/lib/amd64/server/libjvm.so
7f7a0a7b8000-7f7a0a888000 rw-p 00c26000 07:01 764                        /snap/android-studio/81/android-studio/jre/jre/lib/amd64/server/libjvm.so
7f7a0a888000-7f7a0a8cc000 rw-p 00000000 00:00 0 
7f7a0a8cc000-7f7a0aab3000 r-xp 00000000 08:01 3150875                    /lib/x86_64-linux-gnu/libc-2.27.so
7f7a0aab3000-7f7a0acb3000 ---p 001e7000 08:01 3150875                    /lib/x86_64-linux-gnu/libc-2.27.so
7f7a0acb3000-7f7a0acb7000 r--p 001e7000 08:01 3150875                    /lib/x86_64-linux-gnu/libc-2.27.so
7f7a0acb7000-7f7a0acb9000 rw-p 001eb000 08:01 3150875                    /lib/x86_64-linux-gnu/libc-2.27.so
7f7a0acb9000-7f7a0acbd000 rw-p 00000000 00:00 0 
7f7a0acbd000-7f7a0acc0000 r-xp 00000000 08:01 3150898                    /lib/x86_64-linux-gnu/libdl-2.27.so
7f7a0acc0000-7f7a0aebf000 ---p 00003000 08:01 3150898                    /lib/x86_64-linux-gnu/libdl-2.27.so
7f7a0aebf000-7f7a0aec0000 r--p 00002000 08:01 3150898                    /lib/x86_64-linux-gnu/libdl-2.27.so
7f7a0aec0000-7f7a0aec1000 rw-p 00003000 08:01 3150898                    /lib/x86_64-linux-gnu/libdl-2.27.so
7f7a0aec1000-7f7a0aedb000 r-xp 00000000 08:01 3151008                    /lib/x86_64-linux-gnu/libpthread-2.27.so
7f7a0aedb000-7f7a0b0da000 ---p 0001a000 08:01 3151008                    /lib/x86_64-linux-gnu/libpthread-2.27.so
7f7a0b0da000-7f7a0b0db000 r--p 00019000 08:01 3151008                    /lib/x86_64-linux-gnu/libpthread-2.27.so
7f7a0b0db000-7f7a0b0dc000 rw-p 0001a000 08:01 3151008                    /lib/x86_64-linux-gnu/libpthread-2.27.so
7f7a0b0dc000-7f7a0b0e0000 rw-p 00000000 00:00 0 
7f7a0b0e0000-7f7a0b107000 r-xp 00000000 08:01 3150847                    /lib/x86_64-linux-gnu/ld-2.27.so
7f7a0b107000-7f7a0b185000 rw-p 00000000 00:00 0 
7f7a0b185000-7f7a0b1a0000 r-xp 00000000 07:01 760                        /snap/android-studio/81/android-studio/jre/jre/lib/amd64/libzip.so
7f7a0b1a0000-7f7a0b1a1000 rw-p 0001a000 07:01 760                        /snap/android-studio/81/android-studio/jre/jre/lib/amd64/libzip.so
7f7a0b1a1000-7f7a0b1a9000 rw-s 00000000 08:01 6034867                    /tmp/hsperfdata_mspl/16502
7f7a0b1a9000-7f7a0b1d3000 r-xp 00000000 07:01 739                        /snap/android-studio/81/android-studio/jre/jre/lib/amd64/libjava.so
7f7a0b1d3000-7f7a0b1d5000 rw-p 0002a000 07:01 739                        /snap/android-studio/81/android-studio/jre/jre/lib/amd64/libjava.so
7f7a0b1d5000-7f7a0b1d6000 ---p 00000000 00:00 0 
7f7a0b1d6000-7f7a0b1d9000 ---p 00000000 00:00 0 
7f7a0b1d9000-7f7a0b2d8000 rw-p 00000000 00:00 0 
7f7a0b2d8000-7f7a0b2ee000 r-xp 00000000 07:01 849                        /snap/android-studio/81/android-studio/jre/lib/amd64/jli/libjli.so
7f7a0b2ee000-7f7a0b2ef000 rw-p 00015000 07:01 849                        /snap/android-studio/81/android-studio/jre/lib/amd64/jli/libjli.so
7f7a0b2ef000-7f7a0b2f1000 rw-p 00000000 00:00 0 
7f7a0b2f6000-7f7a0b2f7000 rw-p 00000000 00:00 0 
7f7a0b2f7000-7f7a0b2f8000 ---p 00000000 00:00 0 
7f7a0b2f8000-7f7a0b305000 r-xp 00000000 07:01 759                        /snap/android-studio/81/android-studio/jre/jre/lib/amd64/libverify.so
7f7a0b305000-7f7a0b307000 rw-p 0000c000 07:01 759                        /snap/android-studio/81/android-studio/jre/jre/lib/amd64/libverify.so
7f7a0b307000-7f7a0b308000 r--p 00027000 08:01 3150847                    /lib/x86_64-linux-gnu/ld-2.27.so
7f7a0b308000-7f7a0b309000 rw-p 00028000 08:01 3150847                    /lib/x86_64-linux-gnu/ld-2.27.so
7f7a0b309000-7f7a0b30a000 rw-p 00000000 00:00 0 
7ffee6dec000-7ffee6e0d000 rw-p 00000000 00:00 0                          [stack]
7ffee6ebd000-7ffee6ec0000 r--p 00000000 00:00 0                          [vvar]
7ffee6ec0000-7ffee6ec1000 r-xp 00000000 00:00 0                          [vdso]
ffffffffff600000-ffffffffff601000 r-xp 00000000 00:00 0                  [vsyscall]

VM Arguments:
jvm_args: -Djava.awt.headless=true -Xmx1024M -Dfile.encoding=UTF-8 -Duser.country=IN -Duser.language=en -Duser.variant 
java_command: com.android.dx.command.Main --dex --num-threads=4 --output /media/mspl/5a2b98fe-fe48-4fca-9787-ececf68863a8/AndroidProjectNew/LevelSenseGithub/sample/build/intermediates/pre-dexed/shopify/debug/debug_ef9d471f5e09391e779a3306eb16005f9e37defd.jar /media/mspl/5a2b98fe-fe48-4fca-9787-ececf68863a8/AndroidProjectNew/LevelSenseGithub/sample/build/intermediates/classes/shopify/debug
java_class_path (initial): /home/mspl/Android/Sdk/build-tools/25.0.2/lib/dx.jar
Launcher Type: SUN_STANDARD

Environment Variables:
JAVA_HOME=/usr/lib/jvm/java-1.8.0-openjdk-amd64
PATH=/usr/local/sbin:/usr/local/bin:/usr/sbin:/usr/bin:/sbin:/bin:/usr/games:/usr/local/games:/snap/bin:/home/mspl/bin:/usr/lib/jvm/java-1.8.0-openjdk-amd64/bin
USERNAME=mspl
SHELL=/bin/bash
DISPLAY=:0

Signal Handlers:
SIGSEGV: [libjvm.so+0xa09650], sa_mask[0]=11111111011111111101111111111110, sa_flags=SA_RESTART|SA_SIGINFO
SIGBUS: [libjvm.so+0xa09650], sa_mask[0]=11111111011111111101111111111110, sa_flags=SA_RESTART|SA_SIGINFO
SIGFPE: [libjvm.so+0x86bc60], sa_mask[0]=11111111011111111101111111111110, sa_flags=SA_RESTART|SA_SIGINFO
SIGPIPE: [libjvm.so+0x86bc60], sa_mask[0]=11111111011111111101111111111110, sa_flags=SA_RESTART|SA_SIGINFO
SIGXFSZ: [libjvm.so+0x86bc60], sa_mask[0]=11111111011111111101111111111110, sa_flags=SA_RESTART|SA_SIGINFO
SIGILL: [libjvm.so+0x86bc60], sa_mask[0]=11111111011111111101111111111110, sa_flags=SA_RESTART|SA_SIGINFO
SIGUSR1: SIG_DFL, sa_mask[0]=00000000000000000000000000000000, sa_flags=none
SIGUSR2: [libjvm.so+0x86bb30], sa_mask[0]=00100000000000000000000000000000, sa_flags=SA_RESTART|SA_SIGINFO
SIGHUP: [libjvm.so+0x86bd20], sa_mask[0]=11111111011111111101111111111110, sa_flags=SA_RESTART|SA_SIGINFO
SIGINT: [libjvm.so+0x86bd20], sa_mask[0]=11111111011111111101111111111110, sa_flags=SA_RESTART|SA_SIGINFO
SIGTERM: [libjvm.so+0x86bd20], sa_mask[0]=11111111011111111101111111111110, sa_flags=SA_RESTART|SA_SIGINFO
SIGQUIT: [libjvm.so+0x86bd20], sa_mask[0]=11111111011111111101111111111110, sa_flags=SA_RESTART|SA_SIGINFO


---------------  S Y S T E M  ---------------

OS:DISTRIB_ID=Ubuntu
DISTRIB_RELEASE=18.04
DISTRIB_CODENAME=bionic
DISTRIB_DESCRIPTION="Ubuntu 18.04.3 LTS"

uname:Linux 5.0.0-36-generic #39~18.04.1-Ubuntu SMP Tue Nov 12 11:09:50 UTC 2019 x86_64
libc:glibc 2.27 NPTL 2.27 
rlimit: STACK 8192k, CORE 0k, NPROC 31283, NOFILE 1048576, AS infinity
load average:42.95 14.94 5.78

/proc/meminfo:
MemTotal:        8056884 kB
MemFree:          115292 kB
MemAvailable:      62240 kB
Buffers:            3420 kB
Cached:           717324 kB
SwapCached:        24528 kB
Active:          6684944 kB
Inactive:         902980 kB
Active(anon):    6647880 kB
Inactive(anon):   833812 kB
Active(file):      37064 kB
Inactive(file):    69168 kB
Unevictable:         328 kB
Mlocked:              64 kB
SwapTotal:       2097148 kB
SwapFree:            352 kB
Dirty:               420 kB
Writeback:             0 kB
AnonPages:       6846776 kB
Mapped:           553020 kB
Shmem:            613688 kB
KReclaimable:      57548 kB
Slab:             135708 kB
SReclaimable:      57548 kB
SUnreclaim:        78160 kB
KernelStack:       23088 kB
PageTables:       111772 kB
NFS_Unstable:          0 kB
Bounce:                0 kB
WritebackTmp:          0 kB
CommitLimit:     6125588 kB
Committed_AS:   18568240 kB
VmallocTotal:   34359738367 kB
VmallocUsed:           0 kB
VmallocChunk:          0 kB
Percpu:             1360 kB
HardwareCorrupted:     0 kB
AnonHugePages:         0 kB
ShmemHugePages:        0 kB
ShmemPmdMapped:        0 kB
CmaTotal:              0 kB
CmaFree:               0 kB
HugePages_Total:       0
HugePages_Free:        0
HugePages_Rsvd:        0
HugePages_Surp:        0
Hugepagesize:       2048 kB
Hugetlb:               0 kB
DirectMap4k:      311208 kB
DirectMap2M:     7968768 kB

container (cgroup) information:
container_type: cgroupv1
cpu_cpuset_cpus: 0-3
cpu_memory_nodes: 0
active_processor_count: 4
cpu_quota: -1
cpu_period: 100000
cpu_shares: -1
memory_limit_in_bytes: -1
memory_and_swap_limit_in_bytes: -2
memory_soft_limit_in_bytes: -1
memory_usage_in_bytes: 7772930048
memory_max_usage_in_bytes: 163762176


CPU:total 4 (initial active 4) (4 cores per cpu, 1 threads per core) family 6 model 58 stepping 9, cmov, cx8, fxsr, mmx, sse, sse2, sse3, ssse3, sse4.1, sse4.2, popcnt, avx, aes, clmul, erms, tsc, tscinvbit, tscinv

/proc/cpuinfo:
processor	: 0
vendor_id	: GenuineIntel
cpu family	: 6
model		: 58
model name	: Intel(R) Core(TM) i5-3470S CPU @ 2.90GHz
stepping	: 9
microcode	: 0x21
cpu MHz		: 3184.794
cache size	: 6144 KB
physical id	: 0
siblings	: 4
core id		: 0
cpu cores	: 4
apicid		: 0
initial apicid	: 0
fpu		: yes
fpu_exception	: yes
cpuid level	: 13
wp		: yes
flags		: fpu vme de pse tsc msr pae mce cx8 apic sep mtrr pge mca cmov pat pse36 clflush dts acpi mmx fxsr sse sse2 ss ht tm pbe syscall nx rdtscp lm constant_tsc arch_perfmon pebs bts rep_good nopl xtopology nonstop_tsc cpuid aperfmperf pni pclmulqdq dtes64 monitor ds_cpl vmx smx est tm2 ssse3 cx16 xtpr pdcm pcid sse4_1 sse4_2 x2apic popcnt tsc_deadline_timer aes xsave avx f16c rdrand lahf_lm cpuid_fault epb pti ssbd ibrs ibpb stibp tpr_shadow vnmi flexpriority ept vpid fsgsbase smep erms xsaveopt dtherm ida arat pln pts md_clear flush_l1d
bugs		: cpu_meltdown spectre_v1 spectre_v2 spec_store_bypass l1tf mds swapgs itlb_multihit
bogomips	: 5787.37
clflush size	: 64
cache_alignment	: 64
address sizes	: 36 bits physical, 48 bits virtual
power management:

processor	: 1
vendor_id	: GenuineIntel
cpu family	: 6
model		: 58
model name	: Intel(R) Core(TM) i5-3470S CPU @ 2.90GHz
stepping	: 9
microcode	: 0x21
cpu MHz		: 3133.730
cache size	: 6144 KB
physical id	: 0
siblings	: 4
core id		: 1
cpu cores	: 4
apicid		: 2
initial apicid	: 2
fpu		: yes
fpu_exception	: yes
cpuid level	: 13
wp		: yes
flags		: fpu vme de pse tsc msr pae mce cx8 apic sep mtrr pge mca cmov pat pse36 clflush dts acpi mmx fxsr sse sse2 ss ht tm pbe syscall nx rdtscp lm constant_tsc arch_perfmon pebs bts rep_good nopl xtopology nonstop_tsc cpuid aperfmperf pni pclmulqdq dtes64 monitor ds_cpl vmx smx est tm2 ssse3 cx16 xtpr pdcm pcid sse4_1 sse4_2 x2apic popcnt tsc_deadline_timer aes xsave avx f16c rdrand lahf_lm cpuid_fault epb pti ssbd ibrs ibpb stibp tpr_shadow vnmi flexpriority ept vpid fsgsbase smep erms xsaveopt dtherm ida arat pln pts md_clear flush_l1d
bugs		: cpu_meltdown spectre_v1 spectre_v2 spec_store_bypass l1tf mds swapgs itlb_multihit
bogomips	: 5787.37
clflush size	: 64
cache_alignment	: 64
address sizes	: 36 bits physical, 48 bits virtual
power management:

processor	: 2
vendor_id	: GenuineIntel
cpu family	: 6
model		: 58
model name	: Intel(R) Core(TM) i5-3470S CPU @ 2.90GHz
stepping	: 9
microcode	: 0x21
cpu MHz		: 2848.092
cache size	: 6144 KB
physical id	: 0
siblings	: 4
core id		: 2
cpu cores	: 4
apicid		: 4
initial apicid	: 4
fpu		: yes
fpu_exception	: yes
cpuid level	: 13
wp		: yes
flags		: fpu vme de pse tsc msr pae mce cx8 apic sep mtrr pge mca cmov pat pse36 clflush dts acpi mmx fxsr sse sse2 ss ht tm pbe syscall nx rdtscp lm constant_tsc arch_perfmon pebs bts rep_good nopl xtopology nonstop_tsc cpuid aperfmperf pni pclmulqdq dtes64 monitor ds_cpl vmx smx est tm2 ssse3 cx16 xtpr pdcm pcid sse4_1 sse4_2 x2apic popcnt tsc_deadline_timer aes xsave avx f16c rdrand lahf_lm cpuid_fault epb pti ssbd ibrs ibpb stibp tpr_shadow vnmi flexpriority ept vpid fsgsbase smep erms xsaveopt dtherm ida arat pln pts md_clear flush_l1d
bugs		: cpu_meltdown spectre_v1 spectre_v2 spec_store_bypass l1tf mds swapgs itlb_multihit
bogomips	: 5787.37
clflush size	: 64
cache_alignment	: 64
address sizes	: 36 bits physical, 48 bits virtual
power management:

processor	: 3
vendor_id	: GenuineIntel
cpu family	: 6
model		: 58
model name	: Intel(R) Core(TM) i5-3470S CPU @ 2.90GHz
stepping	: 9
microcode	: 0x21
cpu MHz		: 3138.982
cache size	: 6144 KB
physical id	: 0
siblings	: 4
core id		: 3
cpu cores	: 4
apicid		: 6
initial apicid	: 6
fpu		: yes
fpu_exception	: yes
cpuid level	: 13
wp		: yes
flags		: fpu vme de pse tsc msr pae mce cx8 apic sep mtrr pge mca cmov pat pse36 clflush dts acpi mmx fxsr sse sse2 ss ht tm pbe syscall nx rdtscp lm constant_tsc arch_perfmon pebs bts rep_good nopl xtopology nonstop_tsc cpuid aperfmperf pni pclmulqdq dtes64 monitor ds_cpl vmx smx est tm2 ssse3 cx16 xtpr pdcm pcid sse4_1 sse4_2 x2apic popcnt tsc_deadline_timer aes xsave avx f16c rdrand lahf_lm cpuid_fault epb pti ssbd ibrs ibpb stibp tpr_shadow vnmi flexpriority ept vpid fsgsbase smep erms xsaveopt dtherm ida arat pln pts md_clear flush_l1d
bugs		: cpu_meltdown spectre_v1 spectre_v2 spec_store_bypass l1tf mds swapgs itlb_multihit
bogomips	: 5787.37
clflush size	: 64
cache_alignment	: 64
address sizes	: 36 bits physical, 48 bits virtual
power management:



Memory: 4k page, physical 8056884k(106188k free), swap 2097148k(344k free)

vm_info: OpenJDK 64-Bit Server VM (25.202-b49-5587405) for linux-amd64 JRE (1.8.0_202-release-1483-b49-5587405), built by "android-build" with gcc 4.8

time: Wed Dec 18 18:45:56 2019
timezone: IST
elapsed time: 84 seconds (0d 0h 1m 24s)

