#
# There is insufficient memory for the Java Runtime Environment to continue.
# Native memory allocation (mmap) failed to map 224919552 bytes for committing reserved memory.
# Possible reasons:
#   The system is out of physical RAM or swap space
#   The process is running with CompressedOops enabled, and the Java Heap may be blocking the growth of the native heap
# Possible solutions:
#   Reduce memory load on the system
#   Increase physical memory or swap space
#   Check if swap backing store is full
#   Decrease Java heap size (-Xmx/-Xms)
#   Decrease number of Java threads
#   Decrease Java thread stack sizes (-Xss)
#   Set larger code cache with -XX:ReservedCodeCacheSize=
#   JVM is running with Unscaled Compressed Oops mode in which the Java heap is
#     placed in the first 4GB address space. The Java Heap base address is the
#     maximum limit for the native heap growth. Please use -XX:HeapBaseMinAddress
#     to set the Java Heap base and to place the Java Heap above 4GB virtual address.
# This output file may be truncated or incomplete.
#
#  Out of Memory Error (os_linux.cpp:2753), pid=17044, tid=0x00007f46009f9700
#
# JRE version: OpenJDK Runtime Environment (8.0_202) (build 1.8.0_202-release-1483-b49-5587405)
# Java VM: OpenJDK 64-Bit Server VM (25.202-b49-5587405 mixed mode linux-amd64 compressed oops)
# Failed to write core dump. Core dumps have been disabled. To enable core dumping, try "ulimit -c unlimited" before starting Java again
#

---------------  T H R E A D  ---------------

Current thread (0x00007f461007e800):  VMThread [stack: 0x00007f46008fa000,0x00007f46009fa000] [id=17054]

Stack: [0x00007f46008fa000,0x00007f46009fa000],  sp=0x00007f46009f8510,  free space=1017k
Native frames: (J=compiled Java code, j=interpreted, Vv=VM code, C=native code)
V  [libjvm.so+0xa08b78]  VMError::report_and_die()+0x148
V  [libjvm.so+0x4d412a]  report_vm_out_of_memory(char const*, int, unsigned long, VMErrorType, char const*)+0x8a
V  [libjvm.so+0x870478]  os::pd_commit_memory(char*, unsigned long, unsigned long, bool)+0xd8
V  [libjvm.so+0x867f9f]  os::commit_memory(char*, unsigned long, unsigned long, bool)+0x1f
V  [libjvm.so+0x8e14eb]  PSVirtualSpace::expand_by(unsigned long)+0x5b
V  [libjvm.so+0x8e2140]  PSYoungGen::resize_generation(unsigned long, unsigned long)+0xb0
V  [libjvm.so+0x8e245b]  PSYoungGen::resize(unsigned long, unsigned long)+0x1b
V  [libjvm.so+0x8deb8e]  PSScavenge::invoke_no_policy()+0xdce
V  [libjvm.so+0x8df348]  PSScavenge::invoke()+0x38
V  [libjvm.so+0x893763]  ParallelScavengeHeap::failed_mem_allocate(unsigned long)+0x63
V  [libjvm.so+0xa0a644]  VM_ParallelGCFailedAllocation::doit()+0x84
V  [libjvm.so+0xa0ea17]  VM_Operation::evaluate()+0x47
V  [libjvm.so+0xa0d498]  VMThread::evaluate_operation(VM_Operation*)+0x218
V  [libjvm.so+0xa0d8d1]  VMThread::loop()+0x1f1
V  [libjvm.so+0xa0dd02]  VMThread::run()+0x72
V  [libjvm.so+0x86d652]  java_start(Thread*)+0xf2

VM_Operation (0x00007f46187572f0): ParallelGCFailedAllocation, mode: safepoint, requested by thread 0x00007f4610010800


---------------  P R O C E S S  ---------------

Java Threads: ( => current thread )
  0x00007f46100cf000 JavaThread "Service Thread" daemon [_thread_blocked, id=17061, stack(0x00007f46001f2000,0x00007f46002f3000)]
  0x00007f46100c3800 JavaThread "C1 CompilerThread2" daemon [_thread_blocked, id=17060, stack(0x00007f46002f4000,0x00007f46003f4000)]
  0x00007f46100c2000 JavaThread "C2 CompilerThread1" daemon [_thread_blocked, id=17059, stack(0x00007f46003f5000,0x00007f46004f5000)]
  0x00007f46100bf000 JavaThread "C2 CompilerThread0" daemon [_thread_blocked, id=17058, stack(0x00007f46004f6000,0x00007f46005f6000)]
  0x00007f46100bd800 JavaThread "Signal Dispatcher" daemon [_thread_blocked, id=17057, stack(0x00007f46005f6000,0x00007f46006f7000)]
  0x00007f461008a800 JavaThread "Finalizer" daemon [_thread_blocked, id=17056, stack(0x00007f46006f7000,0x00007f46007f8000)]
  0x00007f4610088000 JavaThread "Reference Handler" daemon [_thread_blocked, id=17055, stack(0x00007f46007f8000,0x00007f46008f9000)]
  0x00007f4610010800 JavaThread "main" [_thread_blocked, id=17049, stack(0x00007f4618659000,0x00007f4618759000)]

Other Threads:
=>0x00007f461007e800 VMThread [stack: 0x00007f46008fa000,0x00007f46009fa000] [id=17054]
  0x00007f46100d1800 WatcherThread [stack: 0x00007f46000f2000,0x00007f46001f2000] [id=17062]

VM state:at safepoint (normal execution)

VM Mutex/Monitor currently owned by a thread:  ([mutex/lock_event])
[0x00007f461000d1b0] Threads_lock - owner thread: 0x00007f461007e800
[0x00007f461000d6b0] Heap_lock - owner thread: 0x00007f4610010800

heap address: 0x00000000c0000000, size: 1024 MB, Compressed Oops mode: 32-bit
Narrow klass base: 0x0000000000000000, Narrow klass shift: 3
Compressed class space size: 1073741824 Address: 0x0000000100000000

Heap:
 PSYoungGen      total 123904K, used 5103K [0x00000000eab00000, 0x00000000f2980000, 0x0000000100000000)
  eden space 118784K, 0% used [0x00000000eab00000,0x00000000eab00000,0x00000000f1f00000)
  from space 5120K, 99% used [0x00000000f1f80000,0x00000000f247bfc0,0x00000000f2480000)
  to   space 5120K, 0% used [0x00000000f2480000,0x00000000f2480000,0x00000000f2980000)
 ParOldGen       total 125440K, used 64212K [0x00000000c0000000, 0x00000000c7a80000, 0x00000000eab00000)
  object space 125440K, 51% used [0x00000000c0000000,0x00000000c3eb5168,0x00000000c7a80000)
 Metaspace       used 4702K, capacity 5424K, committed 5632K, reserved 1056768K
  class space    used 474K, capacity 488K, committed 512K, reserved 1048576K

Card table byte_map: [0x00007f4615c6c000,0x00007f4615e6d000] byte_map_base: 0x00007f461566c000

Marking Bits: (ParMarkBitMap*) 0x00007f4617d20920
 Begin Bits: [0x00007f45f2000000, 0x00007f45f3000000)
 End Bits:   [0x00007f45f3000000, 0x00007f45f4000000)

Polling page: 0x00007f461877a000

CodeCache: size=245760Kb used=4074Kb max_used=4090Kb free=241685Kb
 bounds [0x00007f4601000000, 0x00007f4601410000, 0x00007f4610000000]
 total_blobs=1480 nmethods=1206 adapters=188
 compilation: enabled

Compilation events (10 events):
Event: 1.700 Thread 0x00007f46100c3800 1222 %     3       com.android.dx.merge.DexMerger::getSortedTypes @ 59 (147 bytes)
Event: 1.701 Thread 0x00007f46100c3800 nmethod 1222% 0x00007f46013e1790 code [0x00007f46013e1a00, 0x00007f46013e29f8]
Event: 1.702 Thread 0x00007f46100c3800 1223 %     3       java.util.TimSort::binarySort @ 69 (223 bytes)
Event: 1.702 Thread 0x00007f46100c3800 nmethod 1223% 0x00007f46013e0490 code [0x00007f46013e0680, 0x00007f46013e1178]
Event: 1.702 Thread 0x00007f46100c3800 1224       3       java.util.TimSort::mergeLo (659 bytes)
Event: 1.703 Thread 0x00007f46100c3800 nmethod 1224 0x00007f46013f69d0 code [0x00007f46013f6d00, 0x00007f46013f8df8]
Event: 1.703 Thread 0x00007f46100c3800 1225 %     3       java.util.TimSort::binarySort @ 32 (223 bytes)
Event: 1.704 Thread 0x00007f46100c3800 nmethod 1225% 0x00007f46013e7890 code [0x00007f46013e7a80, 0x00007f46013e84b8]
Event: 1.711 Thread 0x00007f46100c2000 nmethod 1210 0x00007f46013fe210 code [0x00007f46013fe520, 0x00007f46013ffed0]
Event: 1.711 Thread 0x00007f46100c2000 1205       4       com.android.dx.merge.DexMerger$IdMerger$UnsortedValue::compareTo (9 bytes)

GC Heap History (10 events):
Event: 0.784 GC heap after
Heap after GC invocations=1 (full 0):
 PSYoungGen      total 36864K, used 5111K [0x00000000eab00000, 0x00000000ef300000, 0x0000000100000000)
  eden space 31744K, 0% used [0x00000000eab00000,0x00000000eab00000,0x00000000eca00000)
  from space 5120K, 99% used [0x00000000eca00000,0x00000000ecefdc28,0x00000000ecf00000)
  to   space 5120K, 0% used [0x00000000eee00000,0x00000000eee00000,0x00000000ef300000)
 ParOldGen       total 84992K, used 4091K [0x00000000c0000000, 0x00000000c5300000, 0x00000000eab00000)
  object space 84992K, 4% used [0x00000000c0000000,0x00000000c03fee48,0x00000000c5300000)
 Metaspace       used 3465K, capacity 4720K, committed 4864K, reserved 1056768K
  class space    used 360K, capacity 424K, committed 512K, reserved 1048576K
}
Event: 0.891 GC heap before
{Heap before GC invocations=2 (full 0):
 PSYoungGen      total 36864K, used 36855K [0x00000000eab00000, 0x00000000ef300000, 0x0000000100000000)
  eden space 31744K, 100% used [0x00000000eab00000,0x00000000eca00000,0x00000000eca00000)
  from space 5120K, 99% used [0x00000000eca00000,0x00000000ecefdc28,0x00000000ecf00000)
  to   space 5120K, 0% used [0x00000000eee00000,0x00000000eee00000,0x00000000ef300000)
 ParOldGen       total 84992K, used 4091K [0x00000000c0000000, 0x00000000c5300000, 0x00000000eab00000)
  object space 84992K, 4% used [0x00000000c0000000,0x00000000c03fee48,0x00000000c5300000)
 Metaspace       used 3766K, capacity 4944K, committed 5120K, reserved 1056768K
  class space    used 389K, capacity 456K, committed 512K, reserved 1048576K
Event: 0.906 GC heap after
Heap after GC invocations=2 (full 0):
 PSYoungGen      total 68608K, used 5107K [0x00000000eab00000, 0x00000000ef300000, 0x0000000100000000)
  eden space 63488K, 0% used [0x00000000eab00000,0x00000000eab00000,0x00000000ee900000)
  from space 5120K, 99% used [0x00000000eee00000,0x00000000ef2fccc8,0x00000000ef300000)
  to   space 5120K, 0% used [0x00000000ee900000,0x00000000ee900000,0x00000000eee00000)
 ParOldGen       total 84992K, used 56704K [0x00000000c0000000, 0x00000000c5300000, 0x00000000eab00000)
  object space 84992K, 66% used [0x00000000c0000000,0x00000000c3760170,0x00000000c5300000)
 Metaspace       used 3766K, capacity 4944K, committed 5120K, reserved 1056768K
  class space    used 389K, capacity 456K, committed 512K, reserved 1048576K
}
Event: 0.906 GC heap before
{Heap before GC invocations=3 (full 1):
 PSYoungGen      total 68608K, used 5107K [0x00000000eab00000, 0x00000000ef300000, 0x0000000100000000)
  eden space 63488K, 0% used [0x00000000eab00000,0x00000000eab00000,0x00000000ee900000)
  from space 5120K, 99% used [0x00000000eee00000,0x00000000ef2fccc8,0x00000000ef300000)
  to   space 5120K, 0% used [0x00000000ee900000,0x00000000ee900000,0x00000000eee00000)
 ParOldGen       total 84992K, used 56704K [0x00000000c0000000, 0x00000000c5300000, 0x00000000eab00000)
  object space 84992K, 66% used [0x00000000c0000000,0x00000000c3760170,0x00000000c5300000)
 Metaspace       used 3766K, capacity 4944K, committed 5120K, reserved 1056768K
  class space    used 389K, capacity 456K, committed 512K, reserved 1048576K
Event: 0.911 GC heap after
Heap after GC invocations=3 (full 1):
 PSYoungGen      total 68608K, used 0K [0x00000000eab00000, 0x00000000ef300000, 0x0000000100000000)
  eden space 63488K, 0% used [0x00000000eab00000,0x00000000eab00000,0x00000000ee900000)
  from space 5120K, 0% used [0x00000000eee00000,0x00000000eee00000,0x00000000ef300000)
  to   space 5120K, 0% used [0x00000000ee900000,0x00000000ee900000,0x00000000eee00000)
 ParOldGen       total 125440K, used 25384K [0x00000000c0000000, 0x00000000c7a80000, 0x00000000eab00000)
  object space 125440K, 20% used [0x00000000c0000000,0x00000000c18ca030,0x00000000c7a80000)
 Metaspace       used 3766K, capacity 4944K, committed 5120K, reserved 1056768K
  class space    used 389K, capacity 456K, committed 512K, reserved 1048576K
}
Event: 1.155 GC heap before
{Heap before GC invocations=4 (full 1):
 PSYoungGen      total 68608K, used 63488K [0x00000000eab00000, 0x00000000ef300000, 0x0000000100000000)
  eden space 63488K, 100% used [0x00000000eab00000,0x00000000ee900000,0x00000000ee900000)
  from space 5120K, 0% used [0x00000000eee00000,0x00000000eee00000,0x00000000ef300000)
  to   space 5120K, 0% used [0x00000000ee900000,0x00000000ee900000,0x00000000eee00000)
 ParOldGen       total 125440K, used 25384K [0x00000000c0000000, 0x00000000c7a80000, 0x00000000eab00000)
  object space 125440K, 20% used [0x00000000c0000000,0x00000000c18ca030,0x00000000c7a80000)
 Metaspace       used 3956K, capacity 5072K, committed 5376K, reserved 1056768K
  class space    used 399K, capacity 456K, committed 512K, reserved 1048576K
Event: 1.159 GC heap after
Heap after GC invocations=4 (full 1):
 PSYoungGen      total 68608K, used 3480K [0x00000000eab00000, 0x00000000f2980000, 0x0000000100000000)
  eden space 63488K, 0% used [0x00000000eab00000,0x00000000eab00000,0x00000000ee900000)
  from space 5120K, 67% used [0x00000000ee900000,0x00000000eec661d8,0x00000000eee00000)
  to   space 5120K, 0% used [0x00000000f2480000,0x00000000f2480000,0x00000000f2980000)
 ParOldGen       total 125440K, used 25392K [0x00000000c0000000, 0x00000000c7a80000, 0x00000000eab00000)
  object space 125440K, 20% used [0x00000000c0000000,0x00000000c18cc030,0x00000000c7a80000)
 Metaspace       used 3956K, capacity 5072K, committed 5376K, reserved 1056768K
  class space    used 399K, capacity 456K, committed 512K, reserved 1048576K
}
Event: 1.362 GC heap before
{Heap before GC invocations=5 (full 1):
 PSYoungGen      total 68608K, used 66968K [0x00000000eab00000, 0x00000000f2980000, 0x0000000100000000)
  eden space 63488K, 100% used [0x00000000eab00000,0x00000000ee900000,0x00000000ee900000)
  from space 5120K, 67% used [0x00000000ee900000,0x00000000eec661d8,0x00000000eee00000)
  to   space 5120K, 0% used [0x00000000f2480000,0x00000000f2480000,0x00000000f2980000)
 ParOldGen       total 125440K, used 25392K [0x00000000c0000000, 0x00000000c7a80000, 0x00000000eab00000)
  object space 125440K, 20% used [0x00000000c0000000,0x00000000c18cc030,0x00000000c7a80000)
 Metaspace       used 4366K, capacity 5424K, committed 5632K, reserved 1056768K
  class space    used 441K, capacity 488K, committed 512K, reserved 1048576K
Event: 1.368 GC heap after
Heap after GC invocations=5 (full 1):
 PSYoungGen      total 123904K, used 4724K [0x00000000eab00000, 0x00000000f2980000, 0x0000000100000000)
  eden space 118784K, 0% used [0x00000000eab00000,0x00000000eab00000,0x00000000f1f00000)
  from space 5120K, 92% used [0x00000000f2480000,0x00000000f291d3b8,0x00000000f2980000)
  to   space 5120K, 0% used [0x00000000f1f80000,0x00000000f1f80000,0x00000000f2480000)
 ParOldGen       total 125440K, used 25392K [0x00000000c0000000, 0x00000000c7a80000, 0x00000000eab00000)
  object space 125440K, 20% used [0x00000000c0000000,0x00000000c18cc030,0x00000000c7a80000)
 Metaspace       used 4366K, capacity 5424K, committed 5632K, reserved 1056768K
  class space    used 441K, capacity 488K, committed 512K, reserved 1048576K
}
Event: 1.714 GC heap before
{Heap before GC invocations=6 (full 1):
 PSYoungGen      total 123904K, used 123508K [0x00000000eab00000, 0x00000000f2980000, 0x0000000100000000)
  eden space 118784K, 100% used [0x00000000eab00000,0x00000000f1f00000,0x00000000f1f00000)
  from space 5120K, 92% used [0x00000000f2480000,0x00000000f291d3b8,0x00000000f2980000)
  to   space 5120K, 0% used [0x00000000f1f80000,0x00000000f1f80000,0x00000000f2480000)
 ParOldGen       total 125440K, used 25392K [0x00000000c0000000, 0x00000000c7a80000, 0x00000000eab00000)
  object space 125440K, 20% used [0x00000000c0000000,0x00000000c18cc030,0x00000000c7a80000)
 Metaspace       used 4702K, capacity 5424K, committed 5632K, reserved 1056768K
  class space    used 474K, capacity 488K, committed 512K, reserved 1048576K

Deoptimization events (10 events):
Event: 1.506 Thread 0x00007f4610010800 Uncommon trap: reason=class_check action=maybe_recompile pc=0x00007f46013968f8 method=java.util.HashMap.putVal(ILjava/lang/Object;Ljava/lang/Object;ZZ)Ljava/lang/Object; @ 56
Event: 1.506 Thread 0x00007f4610010800 Uncommon trap: reason=class_check action=maybe_recompile pc=0x00007f4601396960 method=java.util.HashMap.putVal(ILjava/lang/Object;Ljava/lang/Object;ZZ)Ljava/lang/Object; @ 152
Event: 1.506 Thread 0x00007f4610010800 Uncommon trap: reason=class_check action=maybe_recompile pc=0x00007f4601396960 method=java.util.HashMap.putVal(ILjava/lang/Object;Ljava/lang/Object;ZZ)Ljava/lang/Object; @ 152
Event: 1.597 Thread 0x00007f4610010800 Uncommon trap: reason=bimorphic action=maybe_recompile pc=0x00007f4601260444 method=com.android.dx.merge.DexMerger$IdMerger.mergeSorted()V @ 89
Event: 1.616 Thread 0x00007f4610010800 Uncommon trap: reason=unstable_if action=reinterpret pc=0x00007f460126047c method=com.android.dx.merge.DexMerger$IdMerger.mergeSorted()V @ 103
Event: 1.667 Thread 0x00007f4610010800 Uncommon trap: reason=class_check action=maybe_recompile pc=0x00007f46013d08a8 method=com.android.dx.merge.DexMerger$IdMerger$UnsortedValue.compareTo(Lcom/android/dx/merge/DexMerger$IdMerger$UnsortedValue;)I @ 8
Event: 1.667 Thread 0x00007f4610010800 Uncommon trap: reason=class_check action=maybe_recompile pc=0x00007f46013d08a8 method=com.android.dx.merge.DexMerger$IdMerger$UnsortedValue.compareTo(Lcom/android/dx/merge/DexMerger$IdMerger$UnsortedValue;)I @ 8
Event: 1.667 Thread 0x00007f4610010800 Uncommon trap: reason=class_check action=maybe_recompile pc=0x00007f46013d08a8 method=com.android.dx.merge.DexMerger$IdMerger$UnsortedValue.compareTo(Lcom/android/dx/merge/DexMerger$IdMerger$UnsortedValue;)I @ 8
Event: 1.667 Thread 0x00007f4610010800 Uncommon trap: reason=class_check action=maybe_recompile pc=0x00007f46013d08a8 method=com.android.dx.merge.DexMerger$IdMerger$UnsortedValue.compareTo(Lcom/android/dx/merge/DexMerger$IdMerger$UnsortedValue;)I @ 8
Event: 1.683 Thread 0x00007f4610010800 Uncommon trap: reason=unloaded action=reinterpret pc=0x00007f46013370ec method=com.android.dx.merge.IndexMap$EncodedValueTransformer.transform(Lcom/android/dex/EncodedValueReader;)V @ 232

Classes redefined (0 events):
No events

Internal exceptions (3 events):
Event: 0.456 Thread 0x00007f4610010800 Exception <a 'java/lang/NoSuchMethodError': Method sun.misc.Unsafe.defineClass(Ljava/lang/String;[BII)Ljava/lang/Class; name or signature does not match> (0x00000000eab07cb0) thrown at [/usr/local/google/buildbot/src/googleplex-android/openjdk/out/hotspot
Event: 0.456 Thread 0x00007f4610010800 Exception <a 'java/lang/NoSuchMethodError': Method sun.misc.Unsafe.prefetchRead(Ljava/lang/Object;J)V name or signature does not match> (0x00000000eab07f98) thrown at [/usr/local/google/buildbot/src/googleplex-android/openjdk/out/hotspot/src/share/vm/prim
Event: 1.026 Thread 0x00007f4610010800 Implicit null exception at 0x00007f4601236db4 to 0x00007f460123735d

Events (10 events):
Event: 1.680 Thread 0x00007f4610010800 DEOPT PACKING pc=0x00007f4601292a01 sp=0x00007f4618757350
Event: 1.680 Thread 0x00007f4610010800 DEOPT UNPACKING pc=0x00007f46010474c4 sp=0x00007f4618757058 mode 0
Event: 1.682 Thread 0x00007f4610010800 DEOPT PACKING pc=0x00007f4601292a01 sp=0x00007f4618757350
Event: 1.682 Thread 0x00007f4610010800 DEOPT UNPACKING pc=0x00007f46010474c4 sp=0x00007f4618757058 mode 0
Event: 1.683 Thread 0x00007f4610010800 Uncommon trap: trap_request=0x0000006a fr.pc=0x00007f46013370ec
Event: 1.683 Thread 0x00007f4610010800 DEOPT PACKING pc=0x00007f46013370ec sp=0x00007f46187572f0
Event: 1.683 Thread 0x00007f4610010800 DEOPT UNPACKING pc=0x00007f460104547a sp=0x00007f46187572d0 mode 2
Event: 1.690 loading class java/util/Collections$EmptyIterator
Event: 1.699 loading class java/util/Collections$EmptyIterator done
Event: 1.713 Executing VM operation: ParallelGCFailedAllocation


Dynamic libraries:
00400000-00401000 r-xp 00000000 07:01 658                                /snap/android-studio/81/android-studio/jre/bin/java
00401000-00402000 rw-p 00000000 07:01 658                                /snap/android-studio/81/android-studio/jre/bin/java
01d97000-01db8000 rw-p 00000000 00:00 0                                  [heap]
c0000000-c7a80000 rw-p 00000000 00:00 0 
c7a80000-eab00000 ---p 00000000 00:00 0 
eab00000-f2980000 rw-p 00000000 00:00 0 
100000000-100080000 rw-p 00000000 00:00 0 
100080000-140000000 ---p 00000000 00:00 0 
7f45c4000000-7f45c4021000 rw-p 00000000 00:00 0 
7f45c4021000-7f45c8000000 ---p 00000000 00:00 0 
7f45cc000000-7f45cc47b000 rw-p 00000000 00:00 0 
7f45cc47b000-7f45d0000000 ---p 00000000 00:00 0 
7f45d0000000-7f45d0021000 rw-p 00000000 00:00 0 
7f45d0021000-7f45d4000000 ---p 00000000 00:00 0 
7f45d4000000-7f45d4770000 rw-p 00000000 00:00 0 
7f45d4770000-7f45d8000000 ---p 00000000 00:00 0 
7f45d8000000-7f45d874f000 rw-p 00000000 00:00 0 
7f45d874f000-7f45dc000000 ---p 00000000 00:00 0 
7f45dc000000-7f45dc021000 rw-p 00000000 00:00 0 
7f45dc021000-7f45e0000000 ---p 00000000 00:00 0 
7f45e0000000-7f45e0021000 rw-p 00000000 00:00 0 
7f45e0021000-7f45e4000000 ---p 00000000 00:00 0 
7f45e4000000-7f45e42cb000 rw-p 00000000 00:00 0 
7f45e42cb000-7f45e8000000 ---p 00000000 00:00 0 
7f45e8000000-7f45e8021000 rw-p 00000000 00:00 0 
7f45e8021000-7f45ec000000 ---p 00000000 00:00 0 
7f45ec000000-7f45ec021000 rw-p 00000000 00:00 0 
7f45ec021000-7f45f0000000 ---p 00000000 00:00 0 
7f45f1631000-7f45f2000000 r--p 00000000 08:01 924339                     /usr/lib/locale/locale-archive
7f45f2000000-7f45f4000000 rw-p 00000000 00:00 0 
7f45f4000000-7f45f4021000 rw-p 00000000 00:00 0 
7f45f4021000-7f45f8000000 ---p 00000000 00:00 0 
7f45f8000000-7f45f8021000 rw-p 00000000 00:00 0 
7f45f8021000-7f45fc000000 ---p 00000000 00:00 0 
7f45fc000000-7f45fc021000 rw-p 00000000 00:00 0 
7f45fc021000-7f4600000000 ---p 00000000 00:00 0 
7f46000f1000-7f46000f2000 ---p 00000000 00:00 0 
7f46000f2000-7f46001f2000 rw-p 00000000 00:00 0 
7f46001f2000-7f46001f5000 ---p 00000000 00:00 0 
7f46001f5000-7f46002f3000 rw-p 00000000 00:00 0 
7f46002f3000-7f46002f4000 ---p 00000000 00:00 0 
7f46002f4000-7f46002f7000 ---p 00000000 00:00 0 
7f46002f7000-7f46003f4000 rw-p 00000000 00:00 0 
7f46003f4000-7f46003f5000 ---p 00000000 00:00 0 
7f46003f5000-7f46003f8000 ---p 00000000 00:00 0 
7f46003f8000-7f46004f5000 rw-p 00000000 00:00 0 
7f46004f5000-7f46004f6000 ---p 00000000 00:00 0 
7f46004f6000-7f46004f9000 ---p 00000000 00:00 0 
7f46004f9000-7f46005f6000 rw-p 00000000 00:00 0 
7f46005f6000-7f46005f9000 ---p 00000000 00:00 0 
7f46005f9000-7f46006f7000 rw-p 00000000 00:00 0 
7f46006f7000-7f46006fa000 ---p 00000000 00:00 0 
7f46006fa000-7f46007f8000 rw-p 00000000 00:00 0 
7f46007f8000-7f46007fb000 ---p 00000000 00:00 0 
7f46007fb000-7f46008f9000 rw-p 00000000 00:00 0 
7f46008f9000-7f46008fa000 ---p 00000000 00:00 0 
7f46008fa000-7f4601000000 rw-p 00000000 00:00 0 
7f4601000000-7f4601410000 rwxp 00000000 00:00 0 
7f4601410000-7f4610000000 ---p 00000000 00:00 0 
7f4610000000-7f4610416000 rw-p 00000000 00:00 0 
7f4610416000-7f4614000000 ---p 00000000 00:00 0 
7f46140a7000-7f46140b5000 r--s 000e0000 08:01 1590207                    /home/mspl/Android/Sdk/build-tools/25.0.2/lib/dx.jar
7f46140b5000-7f4614a6f000 rw-p 00000000 00:00 0 
7f4614a6f000-7f4614c41000 r--s 03cad000 07:01 831                        /snap/android-studio/81/android-studio/jre/jre/lib/rt.jar
7f4614c41000-7f4615212000 rw-p 00000000 00:00 0 
7f4615212000-7f4615512000 ---p 00000000 00:00 0 
7f4615512000-7f4615712000 rw-p 00000000 00:00 0 
7f4615712000-7f4615713000 ---p 00000000 00:00 0 
7f4615713000-7f4615813000 rw-p 00000000 00:00 0 
7f4615813000-7f4615814000 ---p 00000000 00:00 0 
7f4615814000-7f4615914000 rw-p 00000000 00:00 0 
7f4615914000-7f4615915000 ---p 00000000 00:00 0 
7f4615915000-7f4615a15000 rw-p 00000000 00:00 0 
7f4615a15000-7f4615a16000 ---p 00000000 00:00 0 
7f4615a16000-7f4615b54000 rw-p 00000000 00:00 0 
7f4615b54000-7f4615c6c000 ---p 00000000 00:00 0 
7f4615c6c000-7f4615caa000 rw-p 00000000 00:00 0 
7f4615caa000-7f4615dc1000 ---p 00000000 00:00 0 
7f4615dc1000-7f4615e01000 rw-p 00000000 00:00 0 
7f4615e01000-7f4615e6c000 ---p 00000000 00:00 0 
7f4615e6c000-7f4615e7e000 rw-p 00000000 00:00 0 
7f4615e7e000-7f461622d000 ---p 00000000 00:00 0 
7f461622d000-7f4616238000 r-xp 00000000 08:01 3150965                    /lib/x86_64-linux-gnu/libnss_files-2.27.so
7f4616238000-7f4616437000 ---p 0000b000 08:01 3150965                    /lib/x86_64-linux-gnu/libnss_files-2.27.so
7f4616437000-7f4616438000 r--p 0000a000 08:01 3150965                    /lib/x86_64-linux-gnu/libnss_files-2.27.so
7f4616438000-7f4616439000 rw-p 0000b000 08:01 3150965                    /lib/x86_64-linux-gnu/libnss_files-2.27.so
7f4616439000-7f461643f000 rw-p 00000000 00:00 0 
7f461643f000-7f4616456000 r-xp 00000000 08:01 3150959                    /lib/x86_64-linux-gnu/libnsl-2.27.so
7f4616456000-7f4616655000 ---p 00017000 08:01 3150959                    /lib/x86_64-linux-gnu/libnsl-2.27.so
7f4616655000-7f4616656000 r--p 00016000 08:01 3150959                    /lib/x86_64-linux-gnu/libnsl-2.27.so
7f4616656000-7f4616657000 rw-p 00017000 08:01 3150959                    /lib/x86_64-linux-gnu/libnsl-2.27.so
7f4616657000-7f4616659000 rw-p 00000000 00:00 0 
7f4616659000-7f4616664000 r-xp 00000000 08:01 3150976                    /lib/x86_64-linux-gnu/libnss_nis-2.27.so
7f4616664000-7f4616863000 ---p 0000b000 08:01 3150976                    /lib/x86_64-linux-gnu/libnss_nis-2.27.so
7f4616863000-7f4616864000 r--p 0000a000 08:01 3150976                    /lib/x86_64-linux-gnu/libnss_nis-2.27.so
7f4616864000-7f4616865000 rw-p 0000b000 08:01 3150976                    /lib/x86_64-linux-gnu/libnss_nis-2.27.so
7f4616865000-7f461686d000 r-xp 00000000 08:01 3150961                    /lib/x86_64-linux-gnu/libnss_compat-2.27.so
7f461686d000-7f4616a6d000 ---p 00008000 08:01 3150961                    /lib/x86_64-linux-gnu/libnss_compat-2.27.so
7f4616a6d000-7f4616a6e000 r--p 00008000 08:01 3150961                    /lib/x86_64-linux-gnu/libnss_compat-2.27.so
7f4616a6e000-7f4616a6f000 rw-p 00009000 08:01 3150961                    /lib/x86_64-linux-gnu/libnss_compat-2.27.so
7f4616a6f000-7f4616a76000 r-xp 00000000 08:01 3151016                    /lib/x86_64-linux-gnu/librt-2.27.so
7f4616a76000-7f4616c75000 ---p 00007000 08:01 3151016                    /lib/x86_64-linux-gnu/librt-2.27.so
7f4616c75000-7f4616c76000 r--p 00006000 08:01 3151016                    /lib/x86_64-linux-gnu/librt-2.27.so
7f4616c76000-7f4616c77000 rw-p 00007000 08:01 3151016                    /lib/x86_64-linux-gnu/librt-2.27.so
7f4616c77000-7f4616e14000 r-xp 00000000 08:01 3150938                    /lib/x86_64-linux-gnu/libm-2.27.so
7f4616e14000-7f4617013000 ---p 0019d000 08:01 3150938                    /lib/x86_64-linux-gnu/libm-2.27.so
7f4617013000-7f4617014000 r--p 0019c000 08:01 3150938                    /lib/x86_64-linux-gnu/libm-2.27.so
7f4617014000-7f4617015000 rw-p 0019d000 08:01 3150938                    /lib/x86_64-linux-gnu/libm-2.27.so
7f4617015000-7f4617c3b000 r-xp 00000000 07:01 764                        /snap/android-studio/81/android-studio/jre/jre/lib/amd64/server/libjvm.so
7f4617c3b000-7f4617d0b000 rw-p 00c26000 07:01 764                        /snap/android-studio/81/android-studio/jre/jre/lib/amd64/server/libjvm.so
7f4617d0b000-7f4617d4f000 rw-p 00000000 00:00 0 
7f4617d4f000-7f4617f36000 r-xp 00000000 08:01 3150875                    /lib/x86_64-linux-gnu/libc-2.27.so
7f4617f36000-7f4618136000 ---p 001e7000 08:01 3150875                    /lib/x86_64-linux-gnu/libc-2.27.so
7f4618136000-7f461813a000 r--p 001e7000 08:01 3150875                    /lib/x86_64-linux-gnu/libc-2.27.so
7f461813a000-7f461813c000 rw-p 001eb000 08:01 3150875                    /lib/x86_64-linux-gnu/libc-2.27.so
7f461813c000-7f4618140000 rw-p 00000000 00:00 0 
7f4618140000-7f4618143000 r-xp 00000000 08:01 3150898                    /lib/x86_64-linux-gnu/libdl-2.27.so
7f4618143000-7f4618342000 ---p 00003000 08:01 3150898                    /lib/x86_64-linux-gnu/libdl-2.27.so
7f4618342000-7f4618343000 r--p 00002000 08:01 3150898                    /lib/x86_64-linux-gnu/libdl-2.27.so
7f4618343000-7f4618344000 rw-p 00003000 08:01 3150898                    /lib/x86_64-linux-gnu/libdl-2.27.so
7f4618344000-7f461835e000 r-xp 00000000 08:01 3151008                    /lib/x86_64-linux-gnu/libpthread-2.27.so
7f461835e000-7f461855d000 ---p 0001a000 08:01 3151008                    /lib/x86_64-linux-gnu/libpthread-2.27.so
7f461855d000-7f461855e000 r--p 00019000 08:01 3151008                    /lib/x86_64-linux-gnu/libpthread-2.27.so
7f461855e000-7f461855f000 rw-p 0001a000 08:01 3151008                    /lib/x86_64-linux-gnu/libpthread-2.27.so
7f461855f000-7f4618563000 rw-p 00000000 00:00 0 
7f4618563000-7f461858a000 r-xp 00000000 08:01 3150847                    /lib/x86_64-linux-gnu/ld-2.27.so
7f461858a000-7f4618608000 rw-p 00000000 00:00 0 
7f4618608000-7f4618623000 r-xp 00000000 07:01 760                        /snap/android-studio/81/android-studio/jre/jre/lib/amd64/libzip.so
7f4618623000-7f4618624000 rw-p 0001a000 07:01 760                        /snap/android-studio/81/android-studio/jre/jre/lib/amd64/libzip.so
7f4618624000-7f461862c000 rw-s 00000000 08:01 6034867                    /tmp/hsperfdata_mspl/17044
7f461862c000-7f4618656000 r-xp 00000000 07:01 739                        /snap/android-studio/81/android-studio/jre/jre/lib/amd64/libjava.so
7f4618656000-7f4618658000 rw-p 0002a000 07:01 739                        /snap/android-studio/81/android-studio/jre/jre/lib/amd64/libjava.so
7f4618658000-7f4618659000 ---p 00000000 00:00 0 
7f4618659000-7f461865c000 ---p 00000000 00:00 0 
7f461865c000-7f461875b000 rw-p 00000000 00:00 0 
7f461875b000-7f4618771000 r-xp 00000000 07:01 849                        /snap/android-studio/81/android-studio/jre/lib/amd64/jli/libjli.so
7f4618771000-7f4618772000 rw-p 00015000 07:01 849                        /snap/android-studio/81/android-studio/jre/lib/amd64/jli/libjli.so
7f4618772000-7f4618774000 rw-p 00000000 00:00 0 
7f4618775000-7f4618779000 r--s 000a1000 07:01 817                        /snap/android-studio/81/android-studio/jre/jre/lib/jsse.jar
7f4618779000-7f461877a000 rw-p 00000000 00:00 0 
7f461877a000-7f461877b000 ---p 00000000 00:00 0 
7f461877b000-7f4618788000 r-xp 00000000 07:01 759                        /snap/android-studio/81/android-studio/jre/jre/lib/amd64/libverify.so
7f4618788000-7f461878a000 rw-p 0000c000 07:01 759                        /snap/android-studio/81/android-studio/jre/jre/lib/amd64/libverify.so
7f461878a000-7f461878b000 r--p 00027000 08:01 3150847                    /lib/x86_64-linux-gnu/ld-2.27.so
7f461878b000-7f461878c000 rw-p 00028000 08:01 3150847                    /lib/x86_64-linux-gnu/ld-2.27.so
7f461878c000-7f461878d000 rw-p 00000000 00:00 0 
7ffc016f1000-7ffc01715000 rw-p 00000000 00:00 0                          [stack]
7ffc01782000-7ffc01785000 r--p 00000000 00:00 0                          [vvar]
7ffc01785000-7ffc01786000 r-xp 00000000 00:00 0                          [vdso]
ffffffffff600000-ffffffffff601000 r-xp 00000000 00:00 0                  [vsyscall]

VM Arguments:
jvm_args: -Djava.awt.headless=true -Xmx1024M -Dfile.encoding=UTF-8 -Duser.country=IN -Duser.language=en -Duser.variant 
java_command: com.android.dx.command.Main --dex --num-threads=4 --output /media/mspl/5a2b98fe-fe48-4fca-9787-ececf68863a8/AndroidProjectNew/LevelSenseGithub/sample/build/intermediates/transforms/dex/shopify/debug/folders/1000/1f/main /media/mspl/5a2b98fe-fe48-4fca-9787-ececf68863a8/AndroidProjectNew/LevelSenseGithub/sample/build/intermediates/pre-dexed/shopify/debug/classes_b8407148f49ade4e461b098b89715e8348804eb0.jar /media/mspl/5a2b98fe-fe48-4fca-9787-ececf68863a8/AndroidProjectNew/LevelSenseGithub/sample/build/intermediates/pre-dexed/shopify/debug/classes_3f54b62481bcf7d2a4bb188671923a6e2cf8174b.jar /media/mspl/5a2b98fe-fe48-4fca-9787-ececf68863a8/AndroidProjectNew/LevelSenseGithub/sample/build/intermediates/pre-dexed/shopify/debug/classes_45787d39e281389023d58f83eb48fc06aad9705f.jar /media/mspl/5a2b98fe-fe48-4fca-9787-ececf68863a8/AndroidProjectNew/LevelSenseGithub/sample/build/intermediates/pre-dexed/shopify/debug/classes_d1e3f139dd5111c7f9f0d8f49ec38e7d2e7e0484.jar /media/mspl/5a2b98fe-fe48-4fca-9787-ececf68863a8/AndroidProjectNew/LevelSenseGithub/sample/build/intermediates/pre-dexed/shopify/debug/classes_0dd8743b73ac2cc1aaee0c6a6515b50f9cdf2f1d.jar /media/mspl/5a2b98fe-fe48-4fca-9787-ececf68863a8/AndroidProjectNew/LevelSenseGithub/sample/build/intermediates/pre-dexed/shopify/debug/classes_304b9ebda703e21920f6bd811649aac679b81154.jar /media/mspl/5a2b98fe-fe48-4fca-9787-ececf68863a8/AndroidProjectNew/LevelSenseGithub/sample/build/intermediates/pre-dexed/shopify/debug/constraint-layout-solver-1.0.2_1429353cc07339b3773086ef678a180fd92c7663.jar /media/mspl/5a2b98fe-fe48-4fca-9787-ececf68863a8/AndroidProjectNew/LevelSenseGithub/sample/build/intermediates/pre-dexed/shopify/debug/classes_1d5e840e4e8b29c94758198e6099607811a79a76.jar /media/mspl/5a2b98fe-fe48-4fca-9787-ececf68863a8/AndroidProjectNew/LevelSenseGithub/sample/build/intermediates/pre-dexed/shopify/debug/rxjava-2.0.6_8d2ce8b659d0cbba8ce3f8b104673f6b174840ea.jar /media/mspl/5a2b98fe-fe48-4fca-9787-ececf688
java_class_path (initial): /home/mspl/Android/Sdk/build-tools/25.0.2/lib/dx.jar
Launcher Type: SUN_STANDARD

Environment Variables:
JAVA_HOME=/usr/lib/jvm/java-1.8.0-openjdk-amd64
PATH=/usr/local/sbin:/usr/local/bin:/usr/sbin:/usr/bin:/sbin:/bin:/usr/games:/usr/local/games:/snap/bin:/home/mspl/bin:/usr/lib/jvm/java-1.8.0-openjdk-amd64/bin
USERNAME=mspl
SHELL=/bin/bash
DISPLAY=:0

Signal Handlers:
SIGSEGV: [libjvm.so+0xa09650], sa_mask[0]=11111111011111111101111111111110, sa_flags=SA_RESTART|SA_SIGINFO
SIGBUS: [libjvm.so+0xa09650], sa_mask[0]=11111111011111111101111111111110, sa_flags=SA_RESTART|SA_SIGINFO
SIGFPE: [libjvm.so+0x86bc60], sa_mask[0]=11111111011111111101111111111110, sa_flags=SA_RESTART|SA_SIGINFO
SIGPIPE: [libjvm.so+0x86bc60], sa_mask[0]=11111111011111111101111111111110, sa_flags=SA_RESTART|SA_SIGINFO
SIGXFSZ: [libjvm.so+0x86bc60], sa_mask[0]=11111111011111111101111111111110, sa_flags=SA_RESTART|SA_SIGINFO
SIGILL: [libjvm.so+0x86bc60], sa_mask[0]=11111111011111111101111111111110, sa_flags=SA_RESTART|SA_SIGINFO
SIGUSR1: SIG_DFL, sa_mask[0]=00000000000000000000000000000000, sa_flags=none
SIGUSR2: [libjvm.so+0x86bb30], sa_mask[0]=00100000000000000000000000000000, sa_flags=SA_RESTART|SA_SIGINFO
SIGHUP: [libjvm.so+0x86bd20], sa_mask[0]=11111111011111111101111111111110, sa_flags=SA_RESTART|SA_SIGINFO
SIGINT: [libjvm.so+0x86bd20], sa_mask[0]=11111111011111111101111111111110, sa_flags=SA_RESTART|SA_SIGINFO
SIGTERM: [libjvm.so+0x86bd20], sa_mask[0]=11111111011111111101111111111110, sa_flags=SA_RESTART|SA_SIGINFO
SIGQUIT: [libjvm.so+0x86bd20], sa_mask[0]=11111111011111111101111111111110, sa_flags=SA_RESTART|SA_SIGINFO


---------------  S Y S T E M  ---------------

OS:DISTRIB_ID=Ubuntu
DISTRIB_RELEASE=18.04
DISTRIB_CODENAME=bionic
DISTRIB_DESCRIPTION="Ubuntu 18.04.3 LTS"

uname:Linux 5.0.0-36-generic #39~18.04.1-Ubuntu SMP Tue Nov 12 11:09:50 UTC 2019 x86_64
libc:glibc 2.27 NPTL 2.27 
rlimit: STACK 8192k, CORE 0k, NPROC 31283, NOFILE 1048576, AS infinity
load average:28.81 16.37 7.94

/proc/meminfo:
MemTotal:        8056884 kB
MemFree:          133056 kB
MemAvailable:      89676 kB
Buffers:            3088 kB
Cached:           784836 kB
SwapCached:        10796 kB
Active:          6649352 kB
Inactive:         906164 kB
Active(anon):    6599940 kB
Inactive(anon):   830204 kB
Active(file):      49412 kB
Inactive(file):    75960 kB
Unevictable:        5892 kB
Mlocked:              64 kB
SwapTotal:       2097148 kB
SwapFree:              0 kB
Dirty:              1120 kB
Writeback:             0 kB
AnonPages:       6765864 kB
Mapped:           558988 kB
Shmem:            662496 kB
KReclaimable:      57752 kB
Slab:             136176 kB
SReclaimable:      57752 kB
SUnreclaim:        78424 kB
KernelStack:       23792 kB
PageTables:       115076 kB
NFS_Unstable:          0 kB
Bounce:                0 kB
WritebackTmp:          0 kB
CommitLimit:     6125588 kB
Committed_AS:   19050228 kB
VmallocTotal:   34359738367 kB
VmallocUsed:           0 kB
VmallocChunk:          0 kB
Percpu:             1360 kB
HardwareCorrupted:     0 kB
AnonHugePages:         0 kB
ShmemHugePages:        0 kB
ShmemPmdMapped:        0 kB
CmaTotal:              0 kB
CmaFree:               0 kB
HugePages_Total:       0
HugePages_Free:        0
HugePages_Rsvd:        0
HugePages_Surp:        0
Hugepagesize:       2048 kB
Hugetlb:               0 kB
DirectMap4k:      311208 kB
DirectMap2M:     7968768 kB

container (cgroup) information:
container_type: cgroupv1
cpu_cpuset_cpus: 0-3
cpu_memory_nodes: 0
active_processor_count: 4
cpu_quota: -1
cpu_period: 100000
cpu_shares: -1
memory_limit_in_bytes: -1
memory_and_swap_limit_in_bytes: -2
memory_soft_limit_in_bytes: -1
memory_usage_in_bytes: 7742160896
memory_max_usage_in_bytes: 163762176


CPU:total 4 (initial active 4) (4 cores per cpu, 1 threads per core) family 6 model 58 stepping 9, cmov, cx8, fxsr, mmx, sse, sse2, sse3, ssse3, sse4.1, sse4.2, popcnt, avx, aes, clmul, erms, tsc, tscinvbit, tscinv

/proc/cpuinfo:
processor	: 0
vendor_id	: GenuineIntel
cpu family	: 6
model		: 58
model name	: Intel(R) Core(TM) i5-3470S CPU @ 2.90GHz
stepping	: 9
microcode	: 0x21
cpu MHz		: 1746.098
cache size	: 6144 KB
physical id	: 0
siblings	: 4
core id		: 0
cpu cores	: 4
apicid		: 0
initial apicid	: 0
fpu		: yes
fpu_exception	: yes
cpuid level	: 13
wp		: yes
flags		: fpu vme de pse tsc msr pae mce cx8 apic sep mtrr pge mca cmov pat pse36 clflush dts acpi mmx fxsr sse sse2 ss ht tm pbe syscall nx rdtscp lm constant_tsc arch_perfmon pebs bts rep_good nopl xtopology nonstop_tsc cpuid aperfmperf pni pclmulqdq dtes64 monitor ds_cpl vmx smx est tm2 ssse3 cx16 xtpr pdcm pcid sse4_1 sse4_2 x2apic popcnt tsc_deadline_timer aes xsave avx f16c rdrand lahf_lm cpuid_fault epb pti ssbd ibrs ibpb stibp tpr_shadow vnmi flexpriority ept vpid fsgsbase smep erms xsaveopt dtherm ida arat pln pts md_clear flush_l1d
bugs		: cpu_meltdown spectre_v1 spectre_v2 spec_store_bypass l1tf mds swapgs itlb_multihit
bogomips	: 5787.37
clflush size	: 64
cache_alignment	: 64
address sizes	: 36 bits physical, 48 bits virtual
power management:

processor	: 1
vendor_id	: GenuineIntel
cpu family	: 6
model		: 58
model name	: Intel(R) Core(TM) i5-3470S CPU @ 2.90GHz
stepping	: 9
microcode	: 0x21
cpu MHz		: 1998.227
cache size	: 6144 KB
physical id	: 0
siblings	: 4
core id		: 1
cpu cores	: 4
apicid		: 2
initial apicid	: 2
fpu		: yes
fpu_exception	: yes
cpuid level	: 13
wp		: yes
flags		: fpu vme de pse tsc msr pae mce cx8 apic sep mtrr pge mca cmov pat pse36 clflush dts acpi mmx fxsr sse sse2 ss ht tm pbe syscall nx rdtscp lm constant_tsc arch_perfmon pebs bts rep_good nopl xtopology nonstop_tsc cpuid aperfmperf pni pclmulqdq dtes64 monitor ds_cpl vmx smx est tm2 ssse3 cx16 xtpr pdcm pcid sse4_1 sse4_2 x2apic popcnt tsc_deadline_timer aes xsave avx f16c rdrand lahf_lm cpuid_fault epb pti ssbd ibrs ibpb stibp tpr_shadow vnmi flexpriority ept vpid fsgsbase smep erms xsaveopt dtherm ida arat pln pts md_clear flush_l1d
bugs		: cpu_meltdown spectre_v1 spectre_v2 spec_store_bypass l1tf mds swapgs itlb_multihit
bogomips	: 5787.37
clflush size	: 64
cache_alignment	: 64
address sizes	: 36 bits physical, 48 bits virtual
power management:

processor	: 2
vendor_id	: GenuineIntel
cpu family	: 6
model		: 58
model name	: Intel(R) Core(TM) i5-3470S CPU @ 2.90GHz
stepping	: 9
microcode	: 0x21
cpu MHz		: 1860.972
cache size	: 6144 KB
physical id	: 0
siblings	: 4
core id		: 2
cpu cores	: 4
apicid		: 4
initial apicid	: 4
fpu		: yes
fpu_exception	: yes
cpuid level	: 13
wp		: yes
flags		: fpu vme de pse tsc msr pae mce cx8 apic sep mtrr pge mca cmov pat pse36 clflush dts acpi mmx fxsr sse sse2 ss ht tm pbe syscall nx rdtscp lm constant_tsc arch_perfmon pebs bts rep_good nopl xtopology nonstop_tsc cpuid aperfmperf pni pclmulqdq dtes64 monitor ds_cpl vmx smx est tm2 ssse3 cx16 xtpr pdcm pcid sse4_1 sse4_2 x2apic popcnt tsc_deadline_timer aes xsave avx f16c rdrand lahf_lm cpuid_fault epb pti ssbd ibrs ibpb stibp tpr_shadow vnmi flexpriority ept vpid fsgsbase smep erms xsaveopt dtherm ida arat pln pts md_clear flush_l1d
bugs		: cpu_meltdown spectre_v1 spectre_v2 spec_store_bypass l1tf mds swapgs itlb_multihit
bogomips	: 5787.37
clflush size	: 64
cache_alignment	: 64
address sizes	: 36 bits physical, 48 bits virtual
power management:

processor	: 3
vendor_id	: GenuineIntel
cpu family	: 6
model		: 58
model name	: Intel(R) Core(TM) i5-3470S CPU @ 2.90GHz
stepping	: 9
microcode	: 0x21
cpu MHz		: 2011.243
cache size	: 6144 KB
physical id	: 0
siblings	: 4
core id		: 3
cpu cores	: 4
apicid		: 6
initial apicid	: 6
fpu		: yes
fpu_exception	: yes
cpuid level	: 13
wp		: yes
flags		: fpu vme de pse tsc msr pae mce cx8 apic sep mtrr pge mca cmov pat pse36 clflush dts acpi mmx fxsr sse sse2 ss ht tm pbe syscall nx rdtscp lm constant_tsc arch_perfmon pebs bts rep_good nopl xtopology nonstop_tsc cpuid aperfmperf pni pclmulqdq dtes64 monitor ds_cpl vmx smx est tm2 ssse3 cx16 xtpr pdcm pcid sse4_1 sse4_2 x2apic popcnt tsc_deadline_timer aes xsave avx f16c rdrand lahf_lm cpuid_fault epb pti ssbd ibrs ibpb stibp tpr_shadow vnmi flexpriority ept vpid fsgsbase smep erms xsaveopt dtherm ida arat pln pts md_clear flush_l1d
bugs		: cpu_meltdown spectre_v1 spectre_v2 spec_store_bypass l1tf mds swapgs itlb_multihit
bogomips	: 5787.37
clflush size	: 64
cache_alignment	: 64
address sizes	: 36 bits physical, 48 bits virtual
power management:



Memory: 4k page, physical 8056884k(133056k free), swap 2097148k(0k free)

vm_info: OpenJDK 64-Bit Server VM (25.202-b49-5587405) for linux-amd64 JRE (1.8.0_202-release-1483-b49-5587405), built by "android-build" with gcc 4.8

time: Wed Dec 18 18:49:57 2019
timezone: IST
elapsed time: 1 seconds (0d 0h 0m 1s)

